<html>
<head>
<title>TestNG:  Positions_Validations</title>
<link href="../testng.css" rel="stylesheet" type="text/css" />
<link href="../my-testng.css" rel="stylesheet" type="text/css" />

<style type="text/css">
.log { display: none;} 
.stack-trace { display: none;} 
</style>
<script type="text/javascript">
<!--
function flip(e) {
  current = e.style.display;
  if (current == 'block') {
    e.style.display = 'none';
    return 0;
  }
  else {
    e.style.display = 'block';
    return 1;
  }
}

function toggleBox(szDivId, elem, msg1, msg2)
{
  var res = -1;  if (document.getElementById) {
    res = flip(document.getElementById(szDivId));
  }
  else if (document.all) {
    // this is the way old msie versions work
    res = flip(document.all[szDivId]);
  }
  if(elem) {
    if(res == 0) elem.innerHTML = msg1; else elem.innerHTML = msg2;
  }

}

function toggleAllBoxes() {
  if (document.getElementsByTagName) {
    d = document.getElementsByTagName('div');
    for (i = 0; i < d.length; i++) {
      if (d[i].className == 'log') {
        flip(d[i]);
      }
    }
  }
}

// -->
</script>

</head>
<body>
<h2 align='center'>Positions_Validations</h2><table border='1' align="center">
<tr>
<td>Tests passed/Failed/Skipped:</td><td>2/2/0</td>
</tr><tr>
<td>Started on:</td><td>Fri Nov 24 17:43:28 PKT 2023</td>
</tr>
<tr><td>Total time:</td><td>77 seconds (77133 ms)</td>
</tr><tr>
<td>Included groups:</td><td></td>
</tr><tr>
<td>Excluded groups:</td><td></td>
</tr>
</table><p/>
<small><i>(Hover the method name to see the test class name)</i></small><p/>
<table width='100%' border='1' class='invocation-failed'>
<tr><td colspan='4' align='center'><b>FAILED TESTS</b></td></tr>
<tr><td><b>Test method</b></td>
<td><b>Attribute(s)</b></td>
<td width="30%"><b>Exception</b></td>
<td width="10%"><b>Time (seconds)</b></td>
<td><b>Instance</b></td>
</tr>
<tr>
<td title='Subscriptions_V3.Order_Positions_Subscribe.Verify_Subscribe_SELL_Order_Positions()'><b>Verify_Subscribe_SELL_Order_Positions</b><br>Test class: Subscriptions_V3.Order_Positions_Subscribe<br>Parameters: Order_SELL_Position_TC0001, V3, /int/ord/api/v3/subscription/positions/subscribe, application/json, 200, 1, LSL, A, 10005, LONG, FLAT, /int/ord/api/orders, 2, 1, 0, D0, 0, 0, 200, /int/ord/api/orders, {
    "ordType": "2",
    "side": "1",
    "timeInForce": "0",
    "destination": "D0",
    "account": "10005",
    "orderQty":10,
    "symbol": "A",
    "Price": 50,
    "StopPx": 0
 }, 200, Order successfully created., {
    "ordType": "2",
    "side": "2",
    "timeInForce": "0",
    "destination": "D0",
    "account": "10005",
    "orderQty":5,
    "symbol": "A",
    "Price": 50,
    "StopPx": 0
 }, 200, Order successfully created., /int/ord/api/v3/subscription/orders/subscribe, 200, qatest27, 2, 1, A, 10005, D0, 50.0, 10.0, LSL, Filled, Filled, qatest27, 2, 2, A, 10005, D0, 50.0, 5.0, LSL, Filled, Filled, /int/ord/api/v3/subscription/executions/subscribe, 200, SELL, Bought, 1, A, 10005, 10.0, 50.0, 2, D0, null, null, null, 1, 2, CMS, null, 0, 0, 0, New, Sold, 2, A, 10005, 5.0, 50.0, 2, D0, null, null, null, 1, 2, CMS, null, 0, 0, 0, New, A, null, null, LONG, 10005, LSL</td>
<td><div><pre>java.lang.AssertionError: Validate_completeDayBuyOrderQty expected [30.0] but found [20.0]
	at APIHelper.APIHelperClass.Validate_Positions(APIHelperClass.java:1280)
	at Subscriptions_V3.Order_Positions_Subscribe.Verify_Subscribe_SELL_Order_Positions(Order_Positions_Subscribe.java:643)
	at java.base/java.util.ArrayList.forEach(ArrayList.java:1511)
... Removed 32 stack frames</pre></div><a href='#' onClick='toggleBox("stack-trace54664983", this, "Click to show all stack frames", "Click to hide stack frames")'>Click to show all stack frames</a>
<div class='stack-trace' id='stack-trace54664983'><pre>java.lang.AssertionError: Validate_completeDayBuyOrderQty expected [30.0] but found [20.0]
	at org.testng.Assert.fail(Assert.java:110)
	at org.testng.Assert.failNotEquals(Assert.java:1577)
	at org.testng.Assert.assertEqualsImpl(Assert.java:149)
	at org.testng.Assert.assertEquals(Assert.java:131)
	at org.testng.Assert.assertEquals(Assert.java:764)
	at APIHelper.APIHelperClass.Validate_Positions(APIHelperClass.java:1280)
	at Subscriptions_V3.Order_Positions_Subscribe.Verify_Subscribe_SELL_Order_Positions(Order_Positions_Subscribe.java:643)
	at java.base/jdk.internal.reflect.NativeMethodAccessorImpl.invoke0(Native Method)
	at java.base/jdk.internal.reflect.NativeMethodAccessorImpl.invoke(NativeMethodAccessorImpl.java:77)
	at java.base/jdk.internal.reflect.DelegatingMethodAccessorImpl.invoke(DelegatingMethodAccessorImpl.java:43)
	at java.base/java.lang.reflect.Method.invoke(Method.java:568)
	at org.testng.internal.invokers.MethodInvocationHelper.invokeMethod(MethodInvocationHelper.java:139)
	at org.testng.internal.invokers.TestInvoker.invokeMethod(TestInvoker.java:677)
	at org.testng.internal.invokers.TestInvoker.invokeTestMethod(TestInvoker.java:221)
	at org.testng.internal.invokers.MethodRunner.runInSequence(MethodRunner.java:50)
	at org.testng.internal.invokers.TestInvoker$MethodInvocationAgent.invoke(TestInvoker.java:969)
	at org.testng.internal.invokers.TestInvoker.invokeTestMethods(TestInvoker.java:194)
	at org.testng.internal.invokers.TestMethodWorker.invokeTestMethods(TestMethodWorker.java:148)
	at org.testng.internal.invokers.TestMethodWorker.run(TestMethodWorker.java:128)
	at java.base/java.util.ArrayList.forEach(ArrayList.java:1511)
	at org.testng.TestRunner.privateRun(TestRunner.java:829)
	at org.testng.TestRunner.run(TestRunner.java:602)
	at org.testng.SuiteRunner.runTest(SuiteRunner.java:437)
	at org.testng.SuiteRunner.runSequentially(SuiteRunner.java:431)
	at org.testng.SuiteRunner.privateRun(SuiteRunner.java:391)
	at org.testng.SuiteRunner.run(SuiteRunner.java:330)
	at org.testng.SuiteRunnerWorker.runSuite(SuiteRunnerWorker.java:52)
	at org.testng.SuiteRunnerWorker.run(SuiteRunnerWorker.java:95)
	at org.testng.TestNG.runSuitesSequentially(TestNG.java:1256)
	at org.testng.TestNG.runSuitesLocally(TestNG.java:1176)
	at org.testng.TestNG.runSuites(TestNG.java:1099)
	at org.testng.TestNG.run(TestNG.java:1067)
	at org.testng.remote.AbstractRemoteTestNG.run(AbstractRemoteTestNG.java:115)
	at org.testng.remote.RemoteTestNG.initAndRun(RemoteTestNG.java:251)
	at org.testng.remote.RemoteTestNG.main(RemoteTestNG.java:77)
</pre></div></td>
<td>23</td>
<td>Subscriptions_V3.Order_Positions_Subscribe@5f59185e</td></tr>
<tr>
<td title='Subscriptions_V3.Order_Positions_Subscribe.Verify_Subscribe_SHORTSELL_Order_Positions()'><b>Verify_Subscribe_SHORTSELL_Order_Positions</b><br>Test class: Subscriptions_V3.Order_Positions_Subscribe<br>Parameters: Order_ShortSell_Position_TC0001, V3, /int/ord/api/v3/subscription/positions/subscribe, application/json, 200, 1, LSL, A, 10005, SHORT, FLAT, /int/ord/api/orders, 1, 1, 0, D0, 0, 0, 200, /int/ord/api/orders, {
    "ordType": "2",
    "side": "5",
    "timeInForce": "0",
    "destination": "D0",
    "account": "10005",
    "orderQty":10,
    "symbol": "A",
    "Price": 70,
    "StopPx": 0
 }, 200, Order successfully created., /int/ord/api/v3/subscription/orders/subscribe, 200, qatest27, 2, 5, A, 10005, D0, 70.0, 10.0, Filled, Filled, /int/ord/api/v3/subscription/executions/subscribe, 200, SHORTSELL, Sold, 5, A, 10005, 10.0, 70.0, 2, D0, null, null, null, 1, 2, CMS, null, 0, 0, 0, New, A, null, null, SHORT, 10005, LSL</td>
<td><div><pre>java.lang.AssertionError: Validate_completeDaySellLongOrderQty expected [25.0] but found [5.0]
	at APIHelper.APIHelperClass.Validate_Positions(APIHelperClass.java:1281)
	at Subscriptions_V3.Order_Positions_Subscribe.Verify_Subscribe_SHORTSELL_Order_Positions(Order_Positions_Subscribe.java:890)
	at java.base/java.util.ArrayList.forEach(ArrayList.java:1511)
... Removed 32 stack frames</pre></div><a href='#' onClick='toggleBox("stack-trace207269381", this, "Click to show all stack frames", "Click to hide stack frames")'>Click to show all stack frames</a>
<div class='stack-trace' id='stack-trace207269381'><pre>java.lang.AssertionError: Validate_completeDaySellLongOrderQty expected [25.0] but found [5.0]
	at org.testng.Assert.fail(Assert.java:110)
	at org.testng.Assert.failNotEquals(Assert.java:1577)
	at org.testng.Assert.assertEqualsImpl(Assert.java:149)
	at org.testng.Assert.assertEquals(Assert.java:131)
	at org.testng.Assert.assertEquals(Assert.java:764)
	at APIHelper.APIHelperClass.Validate_Positions(APIHelperClass.java:1281)
	at Subscriptions_V3.Order_Positions_Subscribe.Verify_Subscribe_SHORTSELL_Order_Positions(Order_Positions_Subscribe.java:890)
	at java.base/jdk.internal.reflect.NativeMethodAccessorImpl.invoke0(Native Method)
	at java.base/jdk.internal.reflect.NativeMethodAccessorImpl.invoke(NativeMethodAccessorImpl.java:77)
	at java.base/jdk.internal.reflect.DelegatingMethodAccessorImpl.invoke(DelegatingMethodAccessorImpl.java:43)
	at java.base/java.lang.reflect.Method.invoke(Method.java:568)
	at org.testng.internal.invokers.MethodInvocationHelper.invokeMethod(MethodInvocationHelper.java:139)
	at org.testng.internal.invokers.TestInvoker.invokeMethod(TestInvoker.java:677)
	at org.testng.internal.invokers.TestInvoker.invokeTestMethod(TestInvoker.java:221)
	at org.testng.internal.invokers.MethodRunner.runInSequence(MethodRunner.java:50)
	at org.testng.internal.invokers.TestInvoker$MethodInvocationAgent.invoke(TestInvoker.java:969)
	at org.testng.internal.invokers.TestInvoker.invokeTestMethods(TestInvoker.java:194)
	at org.testng.internal.invokers.TestMethodWorker.invokeTestMethods(TestMethodWorker.java:148)
	at org.testng.internal.invokers.TestMethodWorker.run(TestMethodWorker.java:128)
	at java.base/java.util.ArrayList.forEach(ArrayList.java:1511)
	at org.testng.TestRunner.privateRun(TestRunner.java:829)
	at org.testng.TestRunner.run(TestRunner.java:602)
	at org.testng.SuiteRunner.runTest(SuiteRunner.java:437)
	at org.testng.SuiteRunner.runSequentially(SuiteRunner.java:431)
	at org.testng.SuiteRunner.privateRun(SuiteRunner.java:391)
	at org.testng.SuiteRunner.run(SuiteRunner.java:330)
	at org.testng.SuiteRunnerWorker.runSuite(SuiteRunnerWorker.java:52)
	at org.testng.SuiteRunnerWorker.run(SuiteRunnerWorker.java:95)
	at org.testng.TestNG.runSuitesSequentially(TestNG.java:1256)
	at org.testng.TestNG.runSuitesLocally(TestNG.java:1176)
	at org.testng.TestNG.runSuites(TestNG.java:1099)
	at org.testng.TestNG.run(TestNG.java:1067)
	at org.testng.remote.AbstractRemoteTestNG.run(AbstractRemoteTestNG.java:115)
	at org.testng.remote.RemoteTestNG.initAndRun(RemoteTestNG.java:251)
	at org.testng.remote.RemoteTestNG.main(RemoteTestNG.java:77)
</pre></div></td>
<td>21</td>
<td>Subscriptions_V3.Order_Positions_Subscribe@5f59185e</td></tr>
</table><p>
<table width='100%' border='1' class='invocation-passed'>
<tr><td colspan='4' align='center'><b>PASSED TESTS</b></td></tr>
<tr><td><b>Test method</b></td>
<td><b>Attribute(s)</b></td>
<td width="30%"><b>Exception</b></td>
<td width="10%"><b>Time (seconds)</b></td>
<td><b>Instance</b></td>
</tr>
<tr>
<td title='Subscriptions_V3.Order_Positions_Subscribe.Verify_Subscribe_BUY_Order_Positions()'><b>Verify_Subscribe_BUY_Order_Positions</b><br>Test class: Subscriptions_V3.Order_Positions_Subscribe<br>Parameters: Order_BUY_Position_TC0001, V3, /int/ord/api/v3/subscription/positions/subscribe, application/json, 200, 1, LSL, BF.B, 10005, LONG, FLAT, /int/ord/api/orders, 2, 1, 0, D0, 0, 0, 200, /int/ord/api/orders, {
    "ordType": "2",
    "side": "1",
    "timeInForce": "0",
    "destination": "D0",
    "account": "10005",
    "orderQty":4,
    "symbol": "BF.B",
    "Price": 40,
    "StopPx": 0
 }, 200, Order successfully created., /int/ord/api/v3/subscription/orders/subscribe, 200, qatest27, 2, 1, BF.B, 10005, D0, 40.0, 4.0, Filled, Filled, /int/ord/api/v3/subscription/executions/subscribe, 200, BUY, Bought, 1, BF.B, 10005, 4.0, 40.0, 2, D0, B, null, null, 1, 2, CMS, null, 0, 0, 0, New, BF.B, B, null, LONG, 10005, LSL</td>
<td></td>
<td>24</td>
<td>Subscriptions_V3.Order_Positions_Subscribe@5f59185e</td></tr>
<tr>
<td title='IdentityServer_API_User.Login.UserLogin()'><b>UserLogin</b><br>Test class: IdentityServer_API_User.Login<br>Parameters: Verify_UserLogin_TC0001, /int/is/api/login, qatest27@mailinator.com, qatest27, application/json, 202, /int/is/api/login/tfa/, 123456, 200</td>
<td></td>
<td>3</td>
<td>IdentityServer_API_User.Login@5b6813df</td></tr>
</table><p>
</body>
</html>