<html>
<head>
<title>TestNG:  Static_Data test</title>
<link href="../testng.css" rel="stylesheet" type="text/css" />
<link href="../my-testng.css" rel="stylesheet" type="text/css" />

<style type="text/css">
.log { display: none;} 
.stack-trace { display: none;} 
</style>
<script type="text/javascript">
<!--
function flip(e) {
  current = e.style.display;
  if (current == 'block') {
    e.style.display = 'none';
    return 0;
  }
  else {
    e.style.display = 'block';
    return 1;
  }
}

function toggleBox(szDivId, elem, msg1, msg2)
{
  var res = -1;  if (document.getElementById) {
    res = flip(document.getElementById(szDivId));
  }
  else if (document.all) {
    // this is the way old msie versions work
    res = flip(document.all[szDivId]);
  }
  if(elem) {
    if(res == 0) elem.innerHTML = msg1; else elem.innerHTML = msg2;
  }

}

function toggleAllBoxes() {
  if (document.getElementsByTagName) {
    d = document.getElementsByTagName('div');
    for (i = 0; i < d.length; i++) {
      if (d[i].className == 'log') {
        flip(d[i]);
      }
    }
  }
}

// -->
</script>

</head>
<body>
<h2 align='center'>Static_Data test</h2><table border='1' align="center">
<tr>
<td>Tests passed/Failed/Skipped:</td><td>52/8/0</td>
</tr><tr>
<td>Started on:</td><td>Thu Dec 21 21:11:29 PKT 2023</td>
</tr>
<tr><td>Total time:</td><td>46 seconds (46444 ms)</td>
</tr><tr>
<td>Included groups:</td><td></td>
</tr><tr>
<td>Excluded groups:</td><td></td>
</tr>
</table><p/>
<small><i>(Hover the method name to see the test class name)</i></small><p/>
<table width='100%' border='1' class='invocation-failed'>
<tr><td colspan='4' align='center'><b>FAILED TESTS</b></td></tr>
<tr><td><b>Test method</b></td>
<td><b>Attribute(s)</b></td>
<td width="30%"><b>Exception</b></td>
<td width="10%"><b>Time (seconds)</b></td>
<td><b>Instance</b></td>
</tr>
<tr>
<td title='Static_Data_V3.StaticData_Option_Destination.Verify_StaticData_Option_Destination()'><b>Verify_StaticData_Option_Destination</b><br>Test class: Static_Data_V3.StaticData_Option_Destination<br>Parameters: Verify_StaticData_OptionDestination_TC0002, /int/ord/api/v3/staticData/OptionDestination, application/json, 200, OPTZAK, "-OPTZAK", 1LOC-LOCA-123456-M, LSL</td>
<td><div><pre>java.lang.AssertionError: Validate_OptionDestination_Value expected [[&quot;-OPTZAK&quot;]] but found [[&quot;-OPTZAK&quot;,&quot;-OPTZAK&quot;,&quot;-OPTZAK&quot;,&quot;-OPTZAK&quot;]]
	at org.testng.Assert.fail(Assert.java:110)
	at org.testng.Assert.failNotEquals(Assert.java:1577)
	at org.testng.Assert.assertEqualsImpl(Assert.java:149)
	at org.testng.Assert.assertEquals(Assert.java:131)
	at org.testng.Assert.assertEquals(Assert.java:655)
	at Static_Data_V3.StaticData_Option_Destination.Verify_StaticData_Option_Destination(StaticData_Option_Destination.java:58)
	at java.base/jdk.internal.reflect.NativeMethodAccessorImpl.invoke0(Native Method)
	at java.base/jdk.internal.reflect.NativeMethodAccessorImpl.invoke(NativeMethodAccessorImpl.java:77)
	at java.base/jdk.internal.reflect.DelegatingMethodAccessorImpl.invoke(DelegatingMethodAccessorImpl.java:43)
	at java.base/java.lang.reflect.Method.invoke(Method.java:568)
	at org.testng.internal.invokers.MethodInvocationHelper.invokeMethod(MethodInvocationHelper.java:139)
	at org.testng.internal.invokers.TestInvoker.invokeMethod(TestInvoker.java:677)
	at org.testng.internal.invokers.TestInvoker.invokeTestMethod(TestInvoker.java:221)
	at org.testng.internal.invokers.MethodRunner.runInSequence(MethodRunner.java:50)
	at org.testng.internal.invokers.TestInvoker$MethodInvocationAgent.invoke(TestInvoker.java:969)
	at org.testng.internal.invokers.TestInvoker.invokeTestMethods(TestInvoker.java:194)
	at org.testng.internal.invokers.TestMethodWorker.invokeTestMethods(TestMethodWorker.java:148)
	at org.testng.internal.invokers.TestMethodWorker.run(TestMethodWorker.java:128)
	at java.base/java.util.ArrayList.forEach(ArrayList.java:1511)
	at org.testng.TestRunner.privateRun(TestRunner.java:829)
	at org.testng.TestRunner.run(TestRunner.java:602)
	at org.testng.SuiteRunner.runTest(SuiteRunner.java:437)
	at org.testng.SuiteRunner.runSequentially(SuiteRunner.java:431)
	at org.testng.SuiteRunner.privateRun(SuiteRunner.java:391)
	at org.testng.SuiteRunner.run(SuiteRunner.java:330)
	at org.testng.SuiteRunnerWorker.runSuite(SuiteRunnerWorker.java:52)
	at org.testng.SuiteRunnerWorker.run(SuiteRunnerWorker.java:95)
	at org.testng.TestNG.runSuitesSequentially(TestNG.java:1256)
	at org.testng.TestNG.runSuitesLocally(TestNG.java:1176)
	at org.testng.TestNG.runSuites(TestNG.java:1099)
	at org.testng.TestNG.run(TestNG.java:1067)
	at org.testng.remote.AbstractRemoteTestNG.run(AbstractRemoteTestNG.java:115)
	at org.testng.remote.RemoteTestNG.initAndRun(RemoteTestNG.java:251)
	at org.testng.remote.RemoteTestNG.main(RemoteTestNG.java:77)
</pre></div><a href='#' onClick='toggleBox("stack-trace1295492311", this, "Click to show all stack frames", "Click to hide stack frames")'>Click to show all stack frames</a>
<div class='stack-trace' id='stack-trace1295492311'><pre>java.lang.AssertionError: Validate_OptionDestination_Value expected [[&quot;-OPTZAK&quot;]] but found [[&quot;-OPTZAK&quot;,&quot;-OPTZAK&quot;,&quot;-OPTZAK&quot;,&quot;-OPTZAK&quot;]]
	at org.testng.Assert.fail(Assert.java:110)
	at org.testng.Assert.failNotEquals(Assert.java:1577)
	at org.testng.Assert.assertEqualsImpl(Assert.java:149)
	at org.testng.Assert.assertEquals(Assert.java:131)
	at org.testng.Assert.assertEquals(Assert.java:655)
	at Static_Data_V3.StaticData_Option_Destination.Verify_StaticData_Option_Destination(StaticData_Option_Destination.java:58)
	at java.base/jdk.internal.reflect.NativeMethodAccessorImpl.invoke0(Native Method)
	at java.base/jdk.internal.reflect.NativeMethodAccessorImpl.invoke(NativeMethodAccessorImpl.java:77)
	at java.base/jdk.internal.reflect.DelegatingMethodAccessorImpl.invoke(DelegatingMethodAccessorImpl.java:43)
	at java.base/java.lang.reflect.Method.invoke(Method.java:568)
	at org.testng.internal.invokers.MethodInvocationHelper.invokeMethod(MethodInvocationHelper.java:139)
	at org.testng.internal.invokers.TestInvoker.invokeMethod(TestInvoker.java:677)
	at org.testng.internal.invokers.TestInvoker.invokeTestMethod(TestInvoker.java:221)
	at org.testng.internal.invokers.MethodRunner.runInSequence(MethodRunner.java:50)
	at org.testng.internal.invokers.TestInvoker$MethodInvocationAgent.invoke(TestInvoker.java:969)
	at org.testng.internal.invokers.TestInvoker.invokeTestMethods(TestInvoker.java:194)
	at org.testng.internal.invokers.TestMethodWorker.invokeTestMethods(TestMethodWorker.java:148)
	at org.testng.internal.invokers.TestMethodWorker.run(TestMethodWorker.java:128)
	at java.base/java.util.ArrayList.forEach(ArrayList.java:1511)
	at org.testng.TestRunner.privateRun(TestRunner.java:829)
	at org.testng.TestRunner.run(TestRunner.java:602)
	at org.testng.SuiteRunner.runTest(SuiteRunner.java:437)
	at org.testng.SuiteRunner.runSequentially(SuiteRunner.java:431)
	at org.testng.SuiteRunner.privateRun(SuiteRunner.java:391)
	at org.testng.SuiteRunner.run(SuiteRunner.java:330)
	at org.testng.SuiteRunnerWorker.runSuite(SuiteRunnerWorker.java:52)
	at org.testng.SuiteRunnerWorker.run(SuiteRunnerWorker.java:95)
	at org.testng.TestNG.runSuitesSequentially(TestNG.java:1256)
	at org.testng.TestNG.runSuitesLocally(TestNG.java:1176)
	at org.testng.TestNG.runSuites(TestNG.java:1099)
	at org.testng.TestNG.run(TestNG.java:1067)
	at org.testng.remote.AbstractRemoteTestNG.run(AbstractRemoteTestNG.java:115)
	at org.testng.remote.RemoteTestNG.initAndRun(RemoteTestNG.java:251)
	at org.testng.remote.RemoteTestNG.main(RemoteTestNG.java:77)
</pre></div></td>
<td>0</td>
<td>Static_Data_V3.StaticData_Option_Destination@1da6ee17</td></tr>
<tr>
<td title='Static_Data_V3.StaticData_Destination.Verify_StaticData_Destination()'><b>Verify_StaticData_Destination</b><br>Test class: Static_Data_V3.StaticData_Destination<br>Parameters: Verify_StaticData_Destination_TC0005, /int/ord/api/v3/staticData/Destination, application/json, 200, AFHB, "-AFHB", 10001, LSL</td>
<td><div><pre>java.lang.AssertionError: Validate_Destination_Value expected [[&quot;-AFHB&quot;]] but found [[&quot;-AFHB&quot;,&quot;-AFHB&quot;,&quot;-AFHB&quot;]]
	at org.testng.Assert.fail(Assert.java:110)
	at org.testng.Assert.failNotEquals(Assert.java:1577)
	at org.testng.Assert.assertEqualsImpl(Assert.java:149)
	at org.testng.Assert.assertEquals(Assert.java:131)
	at org.testng.Assert.assertEquals(Assert.java:655)
	at Static_Data_V3.StaticData_Destination.Verify_StaticData_Destination(StaticData_Destination.java:56)
	at java.base/jdk.internal.reflect.NativeMethodAccessorImpl.invoke0(Native Method)
	at java.base/jdk.internal.reflect.NativeMethodAccessorImpl.invoke(NativeMethodAccessorImpl.java:77)
	at java.base/jdk.internal.reflect.DelegatingMethodAccessorImpl.invoke(DelegatingMethodAccessorImpl.java:43)
	at java.base/java.lang.reflect.Method.invoke(Method.java:568)
	at org.testng.internal.invokers.MethodInvocationHelper.invokeMethod(MethodInvocationHelper.java:139)
	at org.testng.internal.invokers.TestInvoker.invokeMethod(TestInvoker.java:677)
	at org.testng.internal.invokers.TestInvoker.invokeTestMethod(TestInvoker.java:221)
	at org.testng.internal.invokers.MethodRunner.runInSequence(MethodRunner.java:50)
	at org.testng.internal.invokers.TestInvoker$MethodInvocationAgent.invoke(TestInvoker.java:969)
	at org.testng.internal.invokers.TestInvoker.invokeTestMethods(TestInvoker.java:194)
	at org.testng.internal.invokers.TestMethodWorker.invokeTestMethods(TestMethodWorker.java:148)
	at org.testng.internal.invokers.TestMethodWorker.run(TestMethodWorker.java:128)
	at java.base/java.util.ArrayList.forEach(ArrayList.java:1511)
	at org.testng.TestRunner.privateRun(TestRunner.java:829)
	at org.testng.TestRunner.run(TestRunner.java:602)
	at org.testng.SuiteRunner.runTest(SuiteRunner.java:437)
	at org.testng.SuiteRunner.runSequentially(SuiteRunner.java:431)
	at org.testng.SuiteRunner.privateRun(SuiteRunner.java:391)
	at org.testng.SuiteRunner.run(SuiteRunner.java:330)
	at org.testng.SuiteRunnerWorker.runSuite(SuiteRunnerWorker.java:52)
	at org.testng.SuiteRunnerWorker.run(SuiteRunnerWorker.java:95)
	at org.testng.TestNG.runSuitesSequentially(TestNG.java:1256)
	at org.testng.TestNG.runSuitesLocally(TestNG.java:1176)
	at org.testng.TestNG.runSuites(TestNG.java:1099)
	at org.testng.TestNG.run(TestNG.java:1067)
	at org.testng.remote.AbstractRemoteTestNG.run(AbstractRemoteTestNG.java:115)
	at org.testng.remote.RemoteTestNG.initAndRun(RemoteTestNG.java:251)
	at org.testng.remote.RemoteTestNG.main(RemoteTestNG.java:77)
</pre></div><a href='#' onClick='toggleBox("stack-trace1953746707", this, "Click to show all stack frames", "Click to hide stack frames")'>Click to show all stack frames</a>
<div class='stack-trace' id='stack-trace1953746707'><pre>java.lang.AssertionError: Validate_Destination_Value expected [[&quot;-AFHB&quot;]] but found [[&quot;-AFHB&quot;,&quot;-AFHB&quot;,&quot;-AFHB&quot;]]
	at org.testng.Assert.fail(Assert.java:110)
	at org.testng.Assert.failNotEquals(Assert.java:1577)
	at org.testng.Assert.assertEqualsImpl(Assert.java:149)
	at org.testng.Assert.assertEquals(Assert.java:131)
	at org.testng.Assert.assertEquals(Assert.java:655)
	at Static_Data_V3.StaticData_Destination.Verify_StaticData_Destination(StaticData_Destination.java:56)
	at java.base/jdk.internal.reflect.NativeMethodAccessorImpl.invoke0(Native Method)
	at java.base/jdk.internal.reflect.NativeMethodAccessorImpl.invoke(NativeMethodAccessorImpl.java:77)
	at java.base/jdk.internal.reflect.DelegatingMethodAccessorImpl.invoke(DelegatingMethodAccessorImpl.java:43)
	at java.base/java.lang.reflect.Method.invoke(Method.java:568)
	at org.testng.internal.invokers.MethodInvocationHelper.invokeMethod(MethodInvocationHelper.java:139)
	at org.testng.internal.invokers.TestInvoker.invokeMethod(TestInvoker.java:677)
	at org.testng.internal.invokers.TestInvoker.invokeTestMethod(TestInvoker.java:221)
	at org.testng.internal.invokers.MethodRunner.runInSequence(MethodRunner.java:50)
	at org.testng.internal.invokers.TestInvoker$MethodInvocationAgent.invoke(TestInvoker.java:969)
	at org.testng.internal.invokers.TestInvoker.invokeTestMethods(TestInvoker.java:194)
	at org.testng.internal.invokers.TestMethodWorker.invokeTestMethods(TestMethodWorker.java:148)
	at org.testng.internal.invokers.TestMethodWorker.run(TestMethodWorker.java:128)
	at java.base/java.util.ArrayList.forEach(ArrayList.java:1511)
	at org.testng.TestRunner.privateRun(TestRunner.java:829)
	at org.testng.TestRunner.run(TestRunner.java:602)
	at org.testng.SuiteRunner.runTest(SuiteRunner.java:437)
	at org.testng.SuiteRunner.runSequentially(SuiteRunner.java:431)
	at org.testng.SuiteRunner.privateRun(SuiteRunner.java:391)
	at org.testng.SuiteRunner.run(SuiteRunner.java:330)
	at org.testng.SuiteRunnerWorker.runSuite(SuiteRunnerWorker.java:52)
	at org.testng.SuiteRunnerWorker.run(SuiteRunnerWorker.java:95)
	at org.testng.TestNG.runSuitesSequentially(TestNG.java:1256)
	at org.testng.TestNG.runSuitesLocally(TestNG.java:1176)
	at org.testng.TestNG.runSuites(TestNG.java:1099)
	at org.testng.TestNG.run(TestNG.java:1067)
	at org.testng.remote.AbstractRemoteTestNG.run(AbstractRemoteTestNG.java:115)
	at org.testng.remote.RemoteTestNG.initAndRun(RemoteTestNG.java:251)
	at org.testng.remote.RemoteTestNG.main(RemoteTestNG.java:77)
</pre></div></td>
<td>0</td>
<td>Static_Data_V3.StaticData_Destination@78d39a69</td></tr>
<tr>
<td title='Static_Data_V3.StaticData_Destination.Verify_StaticData_Destination()'><b>Verify_StaticData_Destination</b><br>Test class: Static_Data_V3.StaticData_Destination<br>Parameters: Verify_StaticData_Destination_TC0003, /int/ord/api/v3/staticData/Destination, application/json, 200, NOFILL, "-NFSM", 1LOC-LOCA-123456-M, LSL</td>
<td><div><pre>java.lang.AssertionError: Validate_Destination_Value expected [[&quot;-NFSM&quot;]] but found [[&quot;-NFSM&quot;,&quot;-NFSM&quot;]]
	at org.testng.Assert.fail(Assert.java:110)
	at org.testng.Assert.failNotEquals(Assert.java:1577)
	at org.testng.Assert.assertEqualsImpl(Assert.java:149)
	at org.testng.Assert.assertEquals(Assert.java:131)
	at org.testng.Assert.assertEquals(Assert.java:655)
	at Static_Data_V3.StaticData_Destination.Verify_StaticData_Destination(StaticData_Destination.java:56)
	at java.base/jdk.internal.reflect.NativeMethodAccessorImpl.invoke0(Native Method)
	at java.base/jdk.internal.reflect.NativeMethodAccessorImpl.invoke(NativeMethodAccessorImpl.java:77)
	at java.base/jdk.internal.reflect.DelegatingMethodAccessorImpl.invoke(DelegatingMethodAccessorImpl.java:43)
	at java.base/java.lang.reflect.Method.invoke(Method.java:568)
	at org.testng.internal.invokers.MethodInvocationHelper.invokeMethod(MethodInvocationHelper.java:139)
	at org.testng.internal.invokers.TestInvoker.invokeMethod(TestInvoker.java:677)
	at org.testng.internal.invokers.TestInvoker.invokeTestMethod(TestInvoker.java:221)
	at org.testng.internal.invokers.MethodRunner.runInSequence(MethodRunner.java:50)
	at org.testng.internal.invokers.TestInvoker$MethodInvocationAgent.invoke(TestInvoker.java:969)
	at org.testng.internal.invokers.TestInvoker.invokeTestMethods(TestInvoker.java:194)
	at org.testng.internal.invokers.TestMethodWorker.invokeTestMethods(TestMethodWorker.java:148)
	at org.testng.internal.invokers.TestMethodWorker.run(TestMethodWorker.java:128)
	at java.base/java.util.ArrayList.forEach(ArrayList.java:1511)
	at org.testng.TestRunner.privateRun(TestRunner.java:829)
	at org.testng.TestRunner.run(TestRunner.java:602)
	at org.testng.SuiteRunner.runTest(SuiteRunner.java:437)
	at org.testng.SuiteRunner.runSequentially(SuiteRunner.java:431)
	at org.testng.SuiteRunner.privateRun(SuiteRunner.java:391)
	at org.testng.SuiteRunner.run(SuiteRunner.java:330)
	at org.testng.SuiteRunnerWorker.runSuite(SuiteRunnerWorker.java:52)
	at org.testng.SuiteRunnerWorker.run(SuiteRunnerWorker.java:95)
	at org.testng.TestNG.runSuitesSequentially(TestNG.java:1256)
	at org.testng.TestNG.runSuitesLocally(TestNG.java:1176)
	at org.testng.TestNG.runSuites(TestNG.java:1099)
	at org.testng.TestNG.run(TestNG.java:1067)
	at org.testng.remote.AbstractRemoteTestNG.run(AbstractRemoteTestNG.java:115)
	at org.testng.remote.RemoteTestNG.initAndRun(RemoteTestNG.java:251)
	at org.testng.remote.RemoteTestNG.main(RemoteTestNG.java:77)
</pre></div><a href='#' onClick='toggleBox("stack-trace1866157210", this, "Click to show all stack frames", "Click to hide stack frames")'>Click to show all stack frames</a>
<div class='stack-trace' id='stack-trace1866157210'><pre>java.lang.AssertionError: Validate_Destination_Value expected [[&quot;-NFSM&quot;]] but found [[&quot;-NFSM&quot;,&quot;-NFSM&quot;]]
	at org.testng.Assert.fail(Assert.java:110)
	at org.testng.Assert.failNotEquals(Assert.java:1577)
	at org.testng.Assert.assertEqualsImpl(Assert.java:149)
	at org.testng.Assert.assertEquals(Assert.java:131)
	at org.testng.Assert.assertEquals(Assert.java:655)
	at Static_Data_V3.StaticData_Destination.Verify_StaticData_Destination(StaticData_Destination.java:56)
	at java.base/jdk.internal.reflect.NativeMethodAccessorImpl.invoke0(Native Method)
	at java.base/jdk.internal.reflect.NativeMethodAccessorImpl.invoke(NativeMethodAccessorImpl.java:77)
	at java.base/jdk.internal.reflect.DelegatingMethodAccessorImpl.invoke(DelegatingMethodAccessorImpl.java:43)
	at java.base/java.lang.reflect.Method.invoke(Method.java:568)
	at org.testng.internal.invokers.MethodInvocationHelper.invokeMethod(MethodInvocationHelper.java:139)
	at org.testng.internal.invokers.TestInvoker.invokeMethod(TestInvoker.java:677)
	at org.testng.internal.invokers.TestInvoker.invokeTestMethod(TestInvoker.java:221)
	at org.testng.internal.invokers.MethodRunner.runInSequence(MethodRunner.java:50)
	at org.testng.internal.invokers.TestInvoker$MethodInvocationAgent.invoke(TestInvoker.java:969)
	at org.testng.internal.invokers.TestInvoker.invokeTestMethods(TestInvoker.java:194)
	at org.testng.internal.invokers.TestMethodWorker.invokeTestMethods(TestMethodWorker.java:148)
	at org.testng.internal.invokers.TestMethodWorker.run(TestMethodWorker.java:128)
	at java.base/java.util.ArrayList.forEach(ArrayList.java:1511)
	at org.testng.TestRunner.privateRun(TestRunner.java:829)
	at org.testng.TestRunner.run(TestRunner.java:602)
	at org.testng.SuiteRunner.runTest(SuiteRunner.java:437)
	at org.testng.SuiteRunner.runSequentially(SuiteRunner.java:431)
	at org.testng.SuiteRunner.privateRun(SuiteRunner.java:391)
	at org.testng.SuiteRunner.run(SuiteRunner.java:330)
	at org.testng.SuiteRunnerWorker.runSuite(SuiteRunnerWorker.java:52)
	at org.testng.SuiteRunnerWorker.run(SuiteRunnerWorker.java:95)
	at org.testng.TestNG.runSuitesSequentially(TestNG.java:1256)
	at org.testng.TestNG.runSuitesLocally(TestNG.java:1176)
	at org.testng.TestNG.runSuites(TestNG.java:1099)
	at org.testng.TestNG.run(TestNG.java:1067)
	at org.testng.remote.AbstractRemoteTestNG.run(AbstractRemoteTestNG.java:115)
	at org.testng.remote.RemoteTestNG.initAndRun(RemoteTestNG.java:251)
	at org.testng.remote.RemoteTestNG.main(RemoteTestNG.java:77)
</pre></div></td>
<td>0</td>
<td>Static_Data_V3.StaticData_Destination@78d39a69</td></tr>
<tr>
<td title='Static_Data_V3.StaticData_Destination.Verify_StaticData_Destination()'><b>Verify_StaticData_Destination</b><br>Test class: Static_Data_V3.StaticData_Destination<br>Parameters: Verify_StaticData_Destination_TC0004, /int/ord/api/v3/staticData/Destination, application/json, 200, ARCA, "D0", 1LOC-LOCA-123456-M, LSL</td>
<td><div><pre>java.lang.AssertionError: Validate_Destination_Value expected [[&quot;D0&quot;]] but found [[&quot;D0&quot;,&quot;D0&quot;,&quot;D0&quot;,&quot;D0&quot;,&quot;D0&quot;]]
	at org.testng.Assert.fail(Assert.java:110)
	at org.testng.Assert.failNotEquals(Assert.java:1577)
	at org.testng.Assert.assertEqualsImpl(Assert.java:149)
	at org.testng.Assert.assertEquals(Assert.java:131)
	at org.testng.Assert.assertEquals(Assert.java:655)
	at Static_Data_V3.StaticData_Destination.Verify_StaticData_Destination(StaticData_Destination.java:56)
	at java.base/jdk.internal.reflect.NativeMethodAccessorImpl.invoke0(Native Method)
	at java.base/jdk.internal.reflect.NativeMethodAccessorImpl.invoke(NativeMethodAccessorImpl.java:77)
	at java.base/jdk.internal.reflect.DelegatingMethodAccessorImpl.invoke(DelegatingMethodAccessorImpl.java:43)
	at java.base/java.lang.reflect.Method.invoke(Method.java:568)
	at org.testng.internal.invokers.MethodInvocationHelper.invokeMethod(MethodInvocationHelper.java:139)
	at org.testng.internal.invokers.TestInvoker.invokeMethod(TestInvoker.java:677)
	at org.testng.internal.invokers.TestInvoker.invokeTestMethod(TestInvoker.java:221)
	at org.testng.internal.invokers.MethodRunner.runInSequence(MethodRunner.java:50)
	at org.testng.internal.invokers.TestInvoker$MethodInvocationAgent.invoke(TestInvoker.java:969)
	at org.testng.internal.invokers.TestInvoker.invokeTestMethods(TestInvoker.java:194)
	at org.testng.internal.invokers.TestMethodWorker.invokeTestMethods(TestMethodWorker.java:148)
	at org.testng.internal.invokers.TestMethodWorker.run(TestMethodWorker.java:128)
	at java.base/java.util.ArrayList.forEach(ArrayList.java:1511)
	at org.testng.TestRunner.privateRun(TestRunner.java:829)
	at org.testng.TestRunner.run(TestRunner.java:602)
	at org.testng.SuiteRunner.runTest(SuiteRunner.java:437)
	at org.testng.SuiteRunner.runSequentially(SuiteRunner.java:431)
	at org.testng.SuiteRunner.privateRun(SuiteRunner.java:391)
	at org.testng.SuiteRunner.run(SuiteRunner.java:330)
	at org.testng.SuiteRunnerWorker.runSuite(SuiteRunnerWorker.java:52)
	at org.testng.SuiteRunnerWorker.run(SuiteRunnerWorker.java:95)
	at org.testng.TestNG.runSuitesSequentially(TestNG.java:1256)
	at org.testng.TestNG.runSuitesLocally(TestNG.java:1176)
	at org.testng.TestNG.runSuites(TestNG.java:1099)
	at org.testng.TestNG.run(TestNG.java:1067)
	at org.testng.remote.AbstractRemoteTestNG.run(AbstractRemoteTestNG.java:115)
	at org.testng.remote.RemoteTestNG.initAndRun(RemoteTestNG.java:251)
	at org.testng.remote.RemoteTestNG.main(RemoteTestNG.java:77)
</pre></div><a href='#' onClick='toggleBox("stack-trace2024709020", this, "Click to show all stack frames", "Click to hide stack frames")'>Click to show all stack frames</a>
<div class='stack-trace' id='stack-trace2024709020'><pre>java.lang.AssertionError: Validate_Destination_Value expected [[&quot;D0&quot;]] but found [[&quot;D0&quot;,&quot;D0&quot;,&quot;D0&quot;,&quot;D0&quot;,&quot;D0&quot;]]
	at org.testng.Assert.fail(Assert.java:110)
	at org.testng.Assert.failNotEquals(Assert.java:1577)
	at org.testng.Assert.assertEqualsImpl(Assert.java:149)
	at org.testng.Assert.assertEquals(Assert.java:131)
	at org.testng.Assert.assertEquals(Assert.java:655)
	at Static_Data_V3.StaticData_Destination.Verify_StaticData_Destination(StaticData_Destination.java:56)
	at java.base/jdk.internal.reflect.NativeMethodAccessorImpl.invoke0(Native Method)
	at java.base/jdk.internal.reflect.NativeMethodAccessorImpl.invoke(NativeMethodAccessorImpl.java:77)
	at java.base/jdk.internal.reflect.DelegatingMethodAccessorImpl.invoke(DelegatingMethodAccessorImpl.java:43)
	at java.base/java.lang.reflect.Method.invoke(Method.java:568)
	at org.testng.internal.invokers.MethodInvocationHelper.invokeMethod(MethodInvocationHelper.java:139)
	at org.testng.internal.invokers.TestInvoker.invokeMethod(TestInvoker.java:677)
	at org.testng.internal.invokers.TestInvoker.invokeTestMethod(TestInvoker.java:221)
	at org.testng.internal.invokers.MethodRunner.runInSequence(MethodRunner.java:50)
	at org.testng.internal.invokers.TestInvoker$MethodInvocationAgent.invoke(TestInvoker.java:969)
	at org.testng.internal.invokers.TestInvoker.invokeTestMethods(TestInvoker.java:194)
	at org.testng.internal.invokers.TestMethodWorker.invokeTestMethods(TestMethodWorker.java:148)
	at org.testng.internal.invokers.TestMethodWorker.run(TestMethodWorker.java:128)
	at java.base/java.util.ArrayList.forEach(ArrayList.java:1511)
	at org.testng.TestRunner.privateRun(TestRunner.java:829)
	at org.testng.TestRunner.run(TestRunner.java:602)
	at org.testng.SuiteRunner.runTest(SuiteRunner.java:437)
	at org.testng.SuiteRunner.runSequentially(SuiteRunner.java:431)
	at org.testng.SuiteRunner.privateRun(SuiteRunner.java:391)
	at org.testng.SuiteRunner.run(SuiteRunner.java:330)
	at org.testng.SuiteRunnerWorker.runSuite(SuiteRunnerWorker.java:52)
	at org.testng.SuiteRunnerWorker.run(SuiteRunnerWorker.java:95)
	at org.testng.TestNG.runSuitesSequentially(TestNG.java:1256)
	at org.testng.TestNG.runSuitesLocally(TestNG.java:1176)
	at org.testng.TestNG.runSuites(TestNG.java:1099)
	at org.testng.TestNG.run(TestNG.java:1067)
	at org.testng.remote.AbstractRemoteTestNG.run(AbstractRemoteTestNG.java:115)
	at org.testng.remote.RemoteTestNG.initAndRun(RemoteTestNG.java:251)
	at org.testng.remote.RemoteTestNG.main(RemoteTestNG.java:77)
</pre></div></td>
<td>0</td>
<td>Static_Data_V3.StaticData_Destination@78d39a69</td></tr>
<tr>
<td title='Static_Data_V3.StaticData_Destination.Verify_StaticData_Destination()'><b>Verify_StaticData_Destination</b><br>Test class: Static_Data_V3.StaticData_Destination<br>Parameters: Verify_StaticData_Destination_TC0001, /int/ord/api/v3/staticData/Destination, application/json, 200, DEMO, "-DEMO", 1LOC-LOCA-123456-M, LSL</td>
<td><div><pre>java.lang.AssertionError: Validate_Destination_Value expected [[&quot;-DEMO&quot;]] but found [[&quot;-DEMO&quot;,&quot;-DEMO&quot;]]
	at org.testng.Assert.fail(Assert.java:110)
	at org.testng.Assert.failNotEquals(Assert.java:1577)
	at org.testng.Assert.assertEqualsImpl(Assert.java:149)
	at org.testng.Assert.assertEquals(Assert.java:131)
	at org.testng.Assert.assertEquals(Assert.java:655)
	at Static_Data_V3.StaticData_Destination.Verify_StaticData_Destination(StaticData_Destination.java:56)
	at java.base/jdk.internal.reflect.NativeMethodAccessorImpl.invoke0(Native Method)
	at java.base/jdk.internal.reflect.NativeMethodAccessorImpl.invoke(NativeMethodAccessorImpl.java:77)
	at java.base/jdk.internal.reflect.DelegatingMethodAccessorImpl.invoke(DelegatingMethodAccessorImpl.java:43)
	at java.base/java.lang.reflect.Method.invoke(Method.java:568)
	at org.testng.internal.invokers.MethodInvocationHelper.invokeMethod(MethodInvocationHelper.java:139)
	at org.testng.internal.invokers.TestInvoker.invokeMethod(TestInvoker.java:677)
	at org.testng.internal.invokers.TestInvoker.invokeTestMethod(TestInvoker.java:221)
	at org.testng.internal.invokers.MethodRunner.runInSequence(MethodRunner.java:50)
	at org.testng.internal.invokers.TestInvoker$MethodInvocationAgent.invoke(TestInvoker.java:969)
	at org.testng.internal.invokers.TestInvoker.invokeTestMethods(TestInvoker.java:194)
	at org.testng.internal.invokers.TestMethodWorker.invokeTestMethods(TestMethodWorker.java:148)
	at org.testng.internal.invokers.TestMethodWorker.run(TestMethodWorker.java:128)
	at java.base/java.util.ArrayList.forEach(ArrayList.java:1511)
	at org.testng.TestRunner.privateRun(TestRunner.java:829)
	at org.testng.TestRunner.run(TestRunner.java:602)
	at org.testng.SuiteRunner.runTest(SuiteRunner.java:437)
	at org.testng.SuiteRunner.runSequentially(SuiteRunner.java:431)
	at org.testng.SuiteRunner.privateRun(SuiteRunner.java:391)
	at org.testng.SuiteRunner.run(SuiteRunner.java:330)
	at org.testng.SuiteRunnerWorker.runSuite(SuiteRunnerWorker.java:52)
	at org.testng.SuiteRunnerWorker.run(SuiteRunnerWorker.java:95)
	at org.testng.TestNG.runSuitesSequentially(TestNG.java:1256)
	at org.testng.TestNG.runSuitesLocally(TestNG.java:1176)
	at org.testng.TestNG.runSuites(TestNG.java:1099)
	at org.testng.TestNG.run(TestNG.java:1067)
	at org.testng.remote.AbstractRemoteTestNG.run(AbstractRemoteTestNG.java:115)
	at org.testng.remote.RemoteTestNG.initAndRun(RemoteTestNG.java:251)
	at org.testng.remote.RemoteTestNG.main(RemoteTestNG.java:77)
</pre></div><a href='#' onClick='toggleBox("stack-trace1903952121", this, "Click to show all stack frames", "Click to hide stack frames")'>Click to show all stack frames</a>
<div class='stack-trace' id='stack-trace1903952121'><pre>java.lang.AssertionError: Validate_Destination_Value expected [[&quot;-DEMO&quot;]] but found [[&quot;-DEMO&quot;,&quot;-DEMO&quot;]]
	at org.testng.Assert.fail(Assert.java:110)
	at org.testng.Assert.failNotEquals(Assert.java:1577)
	at org.testng.Assert.assertEqualsImpl(Assert.java:149)
	at org.testng.Assert.assertEquals(Assert.java:131)
	at org.testng.Assert.assertEquals(Assert.java:655)
	at Static_Data_V3.StaticData_Destination.Verify_StaticData_Destination(StaticData_Destination.java:56)
	at java.base/jdk.internal.reflect.NativeMethodAccessorImpl.invoke0(Native Method)
	at java.base/jdk.internal.reflect.NativeMethodAccessorImpl.invoke(NativeMethodAccessorImpl.java:77)
	at java.base/jdk.internal.reflect.DelegatingMethodAccessorImpl.invoke(DelegatingMethodAccessorImpl.java:43)
	at java.base/java.lang.reflect.Method.invoke(Method.java:568)
	at org.testng.internal.invokers.MethodInvocationHelper.invokeMethod(MethodInvocationHelper.java:139)
	at org.testng.internal.invokers.TestInvoker.invokeMethod(TestInvoker.java:677)
	at org.testng.internal.invokers.TestInvoker.invokeTestMethod(TestInvoker.java:221)
	at org.testng.internal.invokers.MethodRunner.runInSequence(MethodRunner.java:50)
	at org.testng.internal.invokers.TestInvoker$MethodInvocationAgent.invoke(TestInvoker.java:969)
	at org.testng.internal.invokers.TestInvoker.invokeTestMethods(TestInvoker.java:194)
	at org.testng.internal.invokers.TestMethodWorker.invokeTestMethods(TestMethodWorker.java:148)
	at org.testng.internal.invokers.TestMethodWorker.run(TestMethodWorker.java:128)
	at java.base/java.util.ArrayList.forEach(ArrayList.java:1511)
	at org.testng.TestRunner.privateRun(TestRunner.java:829)
	at org.testng.TestRunner.run(TestRunner.java:602)
	at org.testng.SuiteRunner.runTest(SuiteRunner.java:437)
	at org.testng.SuiteRunner.runSequentially(SuiteRunner.java:431)
	at org.testng.SuiteRunner.privateRun(SuiteRunner.java:391)
	at org.testng.SuiteRunner.run(SuiteRunner.java:330)
	at org.testng.SuiteRunnerWorker.runSuite(SuiteRunnerWorker.java:52)
	at org.testng.SuiteRunnerWorker.run(SuiteRunnerWorker.java:95)
	at org.testng.TestNG.runSuitesSequentially(TestNG.java:1256)
	at org.testng.TestNG.runSuitesLocally(TestNG.java:1176)
	at org.testng.TestNG.runSuites(TestNG.java:1099)
	at org.testng.TestNG.run(TestNG.java:1067)
	at org.testng.remote.AbstractRemoteTestNG.run(AbstractRemoteTestNG.java:115)
	at org.testng.remote.RemoteTestNG.initAndRun(RemoteTestNG.java:251)
	at org.testng.remote.RemoteTestNG.main(RemoteTestNG.java:77)
</pre></div></td>
<td>0</td>
<td>Static_Data_V3.StaticData_Destination@78d39a69</td></tr>
<tr>
<td title='Static_Data_V3.StaticData_Option_Destination.Verify_StaticData_Option_Destination()'><b>Verify_StaticData_Option_Destination</b><br>Test class: Static_Data_V3.StaticData_Option_Destination<br>Parameters: Verify_StaticData_OptionDestination_TC0001, /int/ord/api/v3/staticData/OptionDestination, application/json, 200, OPTFIX, "-OPTFIX", 1LOC-LOCA-123456-M, LSL</td>
<td><div><pre>java.lang.AssertionError: Validate_OptionDestination_Value expected [[&quot;-OPTFIX&quot;]] but found [[&quot;-OPTFIX&quot;,&quot;-OPTFIX&quot;,&quot;-OPTFIX&quot;,&quot;-OPTFIX&quot;,&quot;-OPTFIX&quot;]]
	at org.testng.Assert.fail(Assert.java:110)
	at org.testng.Assert.failNotEquals(Assert.java:1577)
	at org.testng.Assert.assertEqualsImpl(Assert.java:149)
	at org.testng.Assert.assertEquals(Assert.java:131)
	at org.testng.Assert.assertEquals(Assert.java:655)
	at Static_Data_V3.StaticData_Option_Destination.Verify_StaticData_Option_Destination(StaticData_Option_Destination.java:58)
	at java.base/jdk.internal.reflect.NativeMethodAccessorImpl.invoke0(Native Method)
	at java.base/jdk.internal.reflect.NativeMethodAccessorImpl.invoke(NativeMethodAccessorImpl.java:77)
	at java.base/jdk.internal.reflect.DelegatingMethodAccessorImpl.invoke(DelegatingMethodAccessorImpl.java:43)
	at java.base/java.lang.reflect.Method.invoke(Method.java:568)
	at org.testng.internal.invokers.MethodInvocationHelper.invokeMethod(MethodInvocationHelper.java:139)
	at org.testng.internal.invokers.TestInvoker.invokeMethod(TestInvoker.java:677)
	at org.testng.internal.invokers.TestInvoker.invokeTestMethod(TestInvoker.java:221)
	at org.testng.internal.invokers.MethodRunner.runInSequence(MethodRunner.java:50)
	at org.testng.internal.invokers.TestInvoker$MethodInvocationAgent.invoke(TestInvoker.java:969)
	at org.testng.internal.invokers.TestInvoker.invokeTestMethods(TestInvoker.java:194)
	at org.testng.internal.invokers.TestMethodWorker.invokeTestMethods(TestMethodWorker.java:148)
	at org.testng.internal.invokers.TestMethodWorker.run(TestMethodWorker.java:128)
	at java.base/java.util.ArrayList.forEach(ArrayList.java:1511)
	at org.testng.TestRunner.privateRun(TestRunner.java:829)
	at org.testng.TestRunner.run(TestRunner.java:602)
	at org.testng.SuiteRunner.runTest(SuiteRunner.java:437)
	at org.testng.SuiteRunner.runSequentially(SuiteRunner.java:431)
	at org.testng.SuiteRunner.privateRun(SuiteRunner.java:391)
	at org.testng.SuiteRunner.run(SuiteRunner.java:330)
	at org.testng.SuiteRunnerWorker.runSuite(SuiteRunnerWorker.java:52)
	at org.testng.SuiteRunnerWorker.run(SuiteRunnerWorker.java:95)
	at org.testng.TestNG.runSuitesSequentially(TestNG.java:1256)
	at org.testng.TestNG.runSuitesLocally(TestNG.java:1176)
	at org.testng.TestNG.runSuites(TestNG.java:1099)
	at org.testng.TestNG.run(TestNG.java:1067)
	at org.testng.remote.AbstractRemoteTestNG.run(AbstractRemoteTestNG.java:115)
	at org.testng.remote.RemoteTestNG.initAndRun(RemoteTestNG.java:251)
	at org.testng.remote.RemoteTestNG.main(RemoteTestNG.java:77)
</pre></div><a href='#' onClick='toggleBox("stack-trace1902797635", this, "Click to show all stack frames", "Click to hide stack frames")'>Click to show all stack frames</a>
<div class='stack-trace' id='stack-trace1902797635'><pre>java.lang.AssertionError: Validate_OptionDestination_Value expected [[&quot;-OPTFIX&quot;]] but found [[&quot;-OPTFIX&quot;,&quot;-OPTFIX&quot;,&quot;-OPTFIX&quot;,&quot;-OPTFIX&quot;,&quot;-OPTFIX&quot;]]
	at org.testng.Assert.fail(Assert.java:110)
	at org.testng.Assert.failNotEquals(Assert.java:1577)
	at org.testng.Assert.assertEqualsImpl(Assert.java:149)
	at org.testng.Assert.assertEquals(Assert.java:131)
	at org.testng.Assert.assertEquals(Assert.java:655)
	at Static_Data_V3.StaticData_Option_Destination.Verify_StaticData_Option_Destination(StaticData_Option_Destination.java:58)
	at java.base/jdk.internal.reflect.NativeMethodAccessorImpl.invoke0(Native Method)
	at java.base/jdk.internal.reflect.NativeMethodAccessorImpl.invoke(NativeMethodAccessorImpl.java:77)
	at java.base/jdk.internal.reflect.DelegatingMethodAccessorImpl.invoke(DelegatingMethodAccessorImpl.java:43)
	at java.base/java.lang.reflect.Method.invoke(Method.java:568)
	at org.testng.internal.invokers.MethodInvocationHelper.invokeMethod(MethodInvocationHelper.java:139)
	at org.testng.internal.invokers.TestInvoker.invokeMethod(TestInvoker.java:677)
	at org.testng.internal.invokers.TestInvoker.invokeTestMethod(TestInvoker.java:221)
	at org.testng.internal.invokers.MethodRunner.runInSequence(MethodRunner.java:50)
	at org.testng.internal.invokers.TestInvoker$MethodInvocationAgent.invoke(TestInvoker.java:969)
	at org.testng.internal.invokers.TestInvoker.invokeTestMethods(TestInvoker.java:194)
	at org.testng.internal.invokers.TestMethodWorker.invokeTestMethods(TestMethodWorker.java:148)
	at org.testng.internal.invokers.TestMethodWorker.run(TestMethodWorker.java:128)
	at java.base/java.util.ArrayList.forEach(ArrayList.java:1511)
	at org.testng.TestRunner.privateRun(TestRunner.java:829)
	at org.testng.TestRunner.run(TestRunner.java:602)
	at org.testng.SuiteRunner.runTest(SuiteRunner.java:437)
	at org.testng.SuiteRunner.runSequentially(SuiteRunner.java:431)
	at org.testng.SuiteRunner.privateRun(SuiteRunner.java:391)
	at org.testng.SuiteRunner.run(SuiteRunner.java:330)
	at org.testng.SuiteRunnerWorker.runSuite(SuiteRunnerWorker.java:52)
	at org.testng.SuiteRunnerWorker.run(SuiteRunnerWorker.java:95)
	at org.testng.TestNG.runSuitesSequentially(TestNG.java:1256)
	at org.testng.TestNG.runSuitesLocally(TestNG.java:1176)
	at org.testng.TestNG.runSuites(TestNG.java:1099)
	at org.testng.TestNG.run(TestNG.java:1067)
	at org.testng.remote.AbstractRemoteTestNG.run(AbstractRemoteTestNG.java:115)
	at org.testng.remote.RemoteTestNG.initAndRun(RemoteTestNG.java:251)
	at org.testng.remote.RemoteTestNG.main(RemoteTestNG.java:77)
</pre></div></td>
<td>0</td>
<td>Static_Data_V3.StaticData_Option_Destination@1da6ee17</td></tr>
<tr>
<td title='Static_Data_V3.StaticData_Destination.Verify_StaticData_Destination()'><b>Verify_StaticData_Destination</b><br>Test class: Static_Data_V3.StaticData_Destination<br>Parameters: Verify_StaticData_Destination_TC0002, /int/ord/api/v3/staticData/Destination, application/json, 200, LATE, "-LATE", 1LOC-LOCA-123456-M, LSL</td>
<td><div><pre>java.lang.AssertionError: Validate_Destination_Value expected [[&quot;-LATE&quot;]] but found [[&quot;-LATE&quot;,&quot;-LATE&quot;]]
	at org.testng.Assert.fail(Assert.java:110)
	at org.testng.Assert.failNotEquals(Assert.java:1577)
	at org.testng.Assert.assertEqualsImpl(Assert.java:149)
	at org.testng.Assert.assertEquals(Assert.java:131)
	at org.testng.Assert.assertEquals(Assert.java:655)
	at Static_Data_V3.StaticData_Destination.Verify_StaticData_Destination(StaticData_Destination.java:56)
	at java.base/jdk.internal.reflect.NativeMethodAccessorImpl.invoke0(Native Method)
	at java.base/jdk.internal.reflect.NativeMethodAccessorImpl.invoke(NativeMethodAccessorImpl.java:77)
	at java.base/jdk.internal.reflect.DelegatingMethodAccessorImpl.invoke(DelegatingMethodAccessorImpl.java:43)
	at java.base/java.lang.reflect.Method.invoke(Method.java:568)
	at org.testng.internal.invokers.MethodInvocationHelper.invokeMethod(MethodInvocationHelper.java:139)
	at org.testng.internal.invokers.TestInvoker.invokeMethod(TestInvoker.java:677)
	at org.testng.internal.invokers.TestInvoker.invokeTestMethod(TestInvoker.java:221)
	at org.testng.internal.invokers.MethodRunner.runInSequence(MethodRunner.java:50)
	at org.testng.internal.invokers.TestInvoker$MethodInvocationAgent.invoke(TestInvoker.java:969)
	at org.testng.internal.invokers.TestInvoker.invokeTestMethods(TestInvoker.java:194)
	at org.testng.internal.invokers.TestMethodWorker.invokeTestMethods(TestMethodWorker.java:148)
	at org.testng.internal.invokers.TestMethodWorker.run(TestMethodWorker.java:128)
	at java.base/java.util.ArrayList.forEach(ArrayList.java:1511)
	at org.testng.TestRunner.privateRun(TestRunner.java:829)
	at org.testng.TestRunner.run(TestRunner.java:602)
	at org.testng.SuiteRunner.runTest(SuiteRunner.java:437)
	at org.testng.SuiteRunner.runSequentially(SuiteRunner.java:431)
	at org.testng.SuiteRunner.privateRun(SuiteRunner.java:391)
	at org.testng.SuiteRunner.run(SuiteRunner.java:330)
	at org.testng.SuiteRunnerWorker.runSuite(SuiteRunnerWorker.java:52)
	at org.testng.SuiteRunnerWorker.run(SuiteRunnerWorker.java:95)
	at org.testng.TestNG.runSuitesSequentially(TestNG.java:1256)
	at org.testng.TestNG.runSuitesLocally(TestNG.java:1176)
	at org.testng.TestNG.runSuites(TestNG.java:1099)
	at org.testng.TestNG.run(TestNG.java:1067)
	at org.testng.remote.AbstractRemoteTestNG.run(AbstractRemoteTestNG.java:115)
	at org.testng.remote.RemoteTestNG.initAndRun(RemoteTestNG.java:251)
	at org.testng.remote.RemoteTestNG.main(RemoteTestNG.java:77)
</pre></div><a href='#' onClick='toggleBox("stack-trace93166806", this, "Click to show all stack frames", "Click to hide stack frames")'>Click to show all stack frames</a>
<div class='stack-trace' id='stack-trace93166806'><pre>java.lang.AssertionError: Validate_Destination_Value expected [[&quot;-LATE&quot;]] but found [[&quot;-LATE&quot;,&quot;-LATE&quot;]]
	at org.testng.Assert.fail(Assert.java:110)
	at org.testng.Assert.failNotEquals(Assert.java:1577)
	at org.testng.Assert.assertEqualsImpl(Assert.java:149)
	at org.testng.Assert.assertEquals(Assert.java:131)
	at org.testng.Assert.assertEquals(Assert.java:655)
	at Static_Data_V3.StaticData_Destination.Verify_StaticData_Destination(StaticData_Destination.java:56)
	at java.base/jdk.internal.reflect.NativeMethodAccessorImpl.invoke0(Native Method)
	at java.base/jdk.internal.reflect.NativeMethodAccessorImpl.invoke(NativeMethodAccessorImpl.java:77)
	at java.base/jdk.internal.reflect.DelegatingMethodAccessorImpl.invoke(DelegatingMethodAccessorImpl.java:43)
	at java.base/java.lang.reflect.Method.invoke(Method.java:568)
	at org.testng.internal.invokers.MethodInvocationHelper.invokeMethod(MethodInvocationHelper.java:139)
	at org.testng.internal.invokers.TestInvoker.invokeMethod(TestInvoker.java:677)
	at org.testng.internal.invokers.TestInvoker.invokeTestMethod(TestInvoker.java:221)
	at org.testng.internal.invokers.MethodRunner.runInSequence(MethodRunner.java:50)
	at org.testng.internal.invokers.TestInvoker$MethodInvocationAgent.invoke(TestInvoker.java:969)
	at org.testng.internal.invokers.TestInvoker.invokeTestMethods(TestInvoker.java:194)
	at org.testng.internal.invokers.TestMethodWorker.invokeTestMethods(TestMethodWorker.java:148)
	at org.testng.internal.invokers.TestMethodWorker.run(TestMethodWorker.java:128)
	at java.base/java.util.ArrayList.forEach(ArrayList.java:1511)
	at org.testng.TestRunner.privateRun(TestRunner.java:829)
	at org.testng.TestRunner.run(TestRunner.java:602)
	at org.testng.SuiteRunner.runTest(SuiteRunner.java:437)
	at org.testng.SuiteRunner.runSequentially(SuiteRunner.java:431)
	at org.testng.SuiteRunner.privateRun(SuiteRunner.java:391)
	at org.testng.SuiteRunner.run(SuiteRunner.java:330)
	at org.testng.SuiteRunnerWorker.runSuite(SuiteRunnerWorker.java:52)
	at org.testng.SuiteRunnerWorker.run(SuiteRunnerWorker.java:95)
	at org.testng.TestNG.runSuitesSequentially(TestNG.java:1256)
	at org.testng.TestNG.runSuitesLocally(TestNG.java:1176)
	at org.testng.TestNG.runSuites(TestNG.java:1099)
	at org.testng.TestNG.run(TestNG.java:1067)
	at org.testng.remote.AbstractRemoteTestNG.run(AbstractRemoteTestNG.java:115)
	at org.testng.remote.RemoteTestNG.initAndRun(RemoteTestNG.java:251)
	at org.testng.remote.RemoteTestNG.main(RemoteTestNG.java:77)
</pre></div></td>
<td>0</td>
<td>Static_Data_V3.StaticData_Destination@78d39a69</td></tr>
<tr>
<td title='Static_Data_V3.StaticData_Destination.Verify_StaticData_Destination()'><b>Verify_StaticData_Destination</b><br>Test class: Static_Data_V3.StaticData_Destination<br>Parameters: Verify_StaticData_Destination_TC0006, /int/ord/api/v3/staticData/Destination, application/json, 200, ATS, "-ATS", null, LSL</td>
<td><div><pre>java.lang.AssertionError: Validate_Destination_Value expected [[&quot;-ATS&quot;]] but found [[&quot;-ATS&quot;,&quot;-ATS&quot;]]
	at org.testng.Assert.fail(Assert.java:110)
	at org.testng.Assert.failNotEquals(Assert.java:1577)
	at org.testng.Assert.assertEqualsImpl(Assert.java:149)
	at org.testng.Assert.assertEquals(Assert.java:131)
	at org.testng.Assert.assertEquals(Assert.java:655)
	at Static_Data_V3.StaticData_Destination.Verify_StaticData_Destination(StaticData_Destination.java:56)
	at java.base/jdk.internal.reflect.NativeMethodAccessorImpl.invoke0(Native Method)
	at java.base/jdk.internal.reflect.NativeMethodAccessorImpl.invoke(NativeMethodAccessorImpl.java:77)
	at java.base/jdk.internal.reflect.DelegatingMethodAccessorImpl.invoke(DelegatingMethodAccessorImpl.java:43)
	at java.base/java.lang.reflect.Method.invoke(Method.java:568)
	at org.testng.internal.invokers.MethodInvocationHelper.invokeMethod(MethodInvocationHelper.java:139)
	at org.testng.internal.invokers.TestInvoker.invokeMethod(TestInvoker.java:677)
	at org.testng.internal.invokers.TestInvoker.invokeTestMethod(TestInvoker.java:221)
	at org.testng.internal.invokers.MethodRunner.runInSequence(MethodRunner.java:50)
	at org.testng.internal.invokers.TestInvoker$MethodInvocationAgent.invoke(TestInvoker.java:969)
	at org.testng.internal.invokers.TestInvoker.invokeTestMethods(TestInvoker.java:194)
	at org.testng.internal.invokers.TestMethodWorker.invokeTestMethods(TestMethodWorker.java:148)
	at org.testng.internal.invokers.TestMethodWorker.run(TestMethodWorker.java:128)
	at java.base/java.util.ArrayList.forEach(ArrayList.java:1511)
	at org.testng.TestRunner.privateRun(TestRunner.java:829)
	at org.testng.TestRunner.run(TestRunner.java:602)
	at org.testng.SuiteRunner.runTest(SuiteRunner.java:437)
	at org.testng.SuiteRunner.runSequentially(SuiteRunner.java:431)
	at org.testng.SuiteRunner.privateRun(SuiteRunner.java:391)
	at org.testng.SuiteRunner.run(SuiteRunner.java:330)
	at org.testng.SuiteRunnerWorker.runSuite(SuiteRunnerWorker.java:52)
	at org.testng.SuiteRunnerWorker.run(SuiteRunnerWorker.java:95)
	at org.testng.TestNG.runSuitesSequentially(TestNG.java:1256)
	at org.testng.TestNG.runSuitesLocally(TestNG.java:1176)
	at org.testng.TestNG.runSuites(TestNG.java:1099)
	at org.testng.TestNG.run(TestNG.java:1067)
	at org.testng.remote.AbstractRemoteTestNG.run(AbstractRemoteTestNG.java:115)
	at org.testng.remote.RemoteTestNG.initAndRun(RemoteTestNG.java:251)
	at org.testng.remote.RemoteTestNG.main(RemoteTestNG.java:77)
</pre></div><a href='#' onClick='toggleBox("stack-trace546709387", this, "Click to show all stack frames", "Click to hide stack frames")'>Click to show all stack frames</a>
<div class='stack-trace' id='stack-trace546709387'><pre>java.lang.AssertionError: Validate_Destination_Value expected [[&quot;-ATS&quot;]] but found [[&quot;-ATS&quot;,&quot;-ATS&quot;]]
	at org.testng.Assert.fail(Assert.java:110)
	at org.testng.Assert.failNotEquals(Assert.java:1577)
	at org.testng.Assert.assertEqualsImpl(Assert.java:149)
	at org.testng.Assert.assertEquals(Assert.java:131)
	at org.testng.Assert.assertEquals(Assert.java:655)
	at Static_Data_V3.StaticData_Destination.Verify_StaticData_Destination(StaticData_Destination.java:56)
	at java.base/jdk.internal.reflect.NativeMethodAccessorImpl.invoke0(Native Method)
	at java.base/jdk.internal.reflect.NativeMethodAccessorImpl.invoke(NativeMethodAccessorImpl.java:77)
	at java.base/jdk.internal.reflect.DelegatingMethodAccessorImpl.invoke(DelegatingMethodAccessorImpl.java:43)
	at java.base/java.lang.reflect.Method.invoke(Method.java:568)
	at org.testng.internal.invokers.MethodInvocationHelper.invokeMethod(MethodInvocationHelper.java:139)
	at org.testng.internal.invokers.TestInvoker.invokeMethod(TestInvoker.java:677)
	at org.testng.internal.invokers.TestInvoker.invokeTestMethod(TestInvoker.java:221)
	at org.testng.internal.invokers.MethodRunner.runInSequence(MethodRunner.java:50)
	at org.testng.internal.invokers.TestInvoker$MethodInvocationAgent.invoke(TestInvoker.java:969)
	at org.testng.internal.invokers.TestInvoker.invokeTestMethods(TestInvoker.java:194)
	at org.testng.internal.invokers.TestMethodWorker.invokeTestMethods(TestMethodWorker.java:148)
	at org.testng.internal.invokers.TestMethodWorker.run(TestMethodWorker.java:128)
	at java.base/java.util.ArrayList.forEach(ArrayList.java:1511)
	at org.testng.TestRunner.privateRun(TestRunner.java:829)
	at org.testng.TestRunner.run(TestRunner.java:602)
	at org.testng.SuiteRunner.runTest(SuiteRunner.java:437)
	at org.testng.SuiteRunner.runSequentially(SuiteRunner.java:431)
	at org.testng.SuiteRunner.privateRun(SuiteRunner.java:391)
	at org.testng.SuiteRunner.run(SuiteRunner.java:330)
	at org.testng.SuiteRunnerWorker.runSuite(SuiteRunnerWorker.java:52)
	at org.testng.SuiteRunnerWorker.run(SuiteRunnerWorker.java:95)
	at org.testng.TestNG.runSuitesSequentially(TestNG.java:1256)
	at org.testng.TestNG.runSuitesLocally(TestNG.java:1176)
	at org.testng.TestNG.runSuites(TestNG.java:1099)
	at org.testng.TestNG.run(TestNG.java:1067)
	at org.testng.remote.AbstractRemoteTestNG.run(AbstractRemoteTestNG.java:115)
	at org.testng.remote.RemoteTestNG.initAndRun(RemoteTestNG.java:251)
	at org.testng.remote.RemoteTestNG.main(RemoteTestNG.java:77)
</pre></div></td>
<td>0</td>
<td>Static_Data_V3.StaticData_Destination@78d39a69</td></tr>
</table><p>
<table width='100%' border='1' class='invocation-passed'>
<tr><td colspan='4' align='center'><b>PASSED TESTS</b></td></tr>
<tr><td><b>Test method</b></td>
<td><b>Attribute(s)</b></td>
<td width="30%"><b>Exception</b></td>
<td width="10%"><b>Time (seconds)</b></td>
<td><b>Instance</b></td>
</tr>
<tr>
<td title='Static_Data_V3.StaticData_MktTopPerfExchange.Verify_StaticData_MktTopPerfExchange()'><b>Verify_StaticData_MktTopPerfExchange</b><br>Test class: Static_Data_V3.StaticData_MktTopPerfExchange<br>Parameters: Verify_StaticData_MktTopPerfExchange_TC0006, /int/ord/api/v3/staticData/MktTopPerfExchange, application/json, 200, BOSTON_OPTIONS-C, BO-C, LSL</td>
<td></td>
<td>0</td>
<td>Static_Data_V3.StaticData_MktTopPerfExchange@2d691f3d</td></tr>
<tr>
<td title='Static_Data_V3.StaticData_TIF.Verify_StaticData_TIF()'><b>Verify_StaticData_TIF</b><br>Test class: Static_Data_V3.StaticData_TIF<br>Parameters: Verify_StaticData_TIF_TC0003, /int/ord/api/v3/staticData/TIF, application/json, 200, OPG, 2, LSL</td>
<td></td>
<td>0</td>
<td>Static_Data_V3.StaticData_TIF@1bdbf9be</td></tr>
<tr>
<td title='Static_Data_V3.StaticData_Destination_TraderOnly.Verify_StaticData_Destination_TraderOnly()'><b>Verify_StaticData_Destination_TraderOnly</b><br>Test class: Static_Data_V3.StaticData_Destination_TraderOnly<br>Parameters: Verify_StaticData_Destination_TraderOnly_TC0002, /int/ord/api/v3/staticData/Destination/TraderOnly, application/json, 200, ATRT, "-ATRT", LSL</td>
<td></td>
<td>0</td>
<td>Static_Data_V3.StaticData_Destination_TraderOnly@410e94e</td></tr>
<tr>
<td title='Static_Data_V3.StaticData_TIF.Verify_StaticData_TIF()'><b>Verify_StaticData_TIF</b><br>Test class: Static_Data_V3.StaticData_TIF<br>Parameters: Verify_StaticData_TIF_TC0002, /int/ord/api/v3/staticData/TIF, application/json, 200, GTC, 1, LSL</td>
<td></td>
<td>0</td>
<td>Static_Data_V3.StaticData_TIF@1bdbf9be</td></tr>
<tr>
<td title='Static_Data_V3.StaticData_OrdType.Verify_StaticData_OrdType()'><b>Verify_StaticData_OrdType</b><br>Test class: Static_Data_V3.StaticData_OrdType<br>Parameters: Verify_StaticData_OrdType_TC0001, /int/ord/api/v3/staticData/OrdType, application/json, 200, MKT, 1, LSL</td>
<td></td>
<td>0</td>
<td>Static_Data_V3.StaticData_OrdType@1e7f2e0f</td></tr>
<tr>
<td title='Static_Data_V3.StaticData_MktTopPerfExchange.Verify_StaticData_MktTopPerfExchange()'><b>Verify_StaticData_MktTopPerfExchange</b><br>Test class: Static_Data_V3.StaticData_MktTopPerfExchange<br>Parameters: Verify_StaticData_MktTopPerfExchange_TC0003, /int/ord/api/v3/staticData/MktTopPerfExchange, application/json, 200, NYSE_AMEX_OPTIONS-P, AO-P, LSL</td>
<td></td>
<td>0</td>
<td>Static_Data_V3.StaticData_MktTopPerfExchange@2d691f3d</td></tr>
<tr>
<td title='Static_Data_V3.StaticData_Destination_TraderOnly.Verify_StaticData_Destination_TraderOnly()'><b>Verify_StaticData_Destination_TraderOnly</b><br>Test class: Static_Data_V3.StaticData_Destination_TraderOnly<br>Parameters: Verify_StaticData_Destination_TraderOnly_TC0003, /int/ord/api/v3/staticData/Destination/TraderOnly, application/json, 200, OPTFIX, "-OPTFIX", LSL</td>
<td></td>
<td>0</td>
<td>Static_Data_V3.StaticData_Destination_TraderOnly@410e94e</td></tr>
<tr>
<td title='Static_Data_V3.StaticData_LocateTIF.Verify_StaticData_LocateTIF()'><b>Verify_StaticData_LocateTIF</b><br>Test class: Static_Data_V3.StaticData_LocateTIF<br>Parameters: Verify_StaticData_LocateTIF_TC0001, /int/ord/api/v3/staticData/LocateTIF, application/json, 200, IOC, 3, LSL</td>
<td></td>
<td>0</td>
<td>Static_Data_V3.StaticData_LocateTIF@1d269ed7</td></tr>
<tr>
<td title='Static_Data_V3.StaticData_Destination_TraderOnly.Verify_StaticData_Destination_TraderOnly()'><b>Verify_StaticData_Destination_TraderOnly</b><br>Test class: Static_Data_V3.StaticData_Destination_TraderOnly<br>Parameters: Verify_StaticData_Destination_TraderOnly_TC0001, /int/ord/api/v3/staticData/Destination/TraderOnly, application/json, 200, ASOR, "-ASOR", LSL</td>
<td></td>
<td>0</td>
<td>Static_Data_V3.StaticData_Destination_TraderOnly@410e94e</td></tr>
<tr>
<td title='Static_Data_V3.StaticData_Account.Verify_StaticData_Account()'><b>Verify_StaticData_Account</b><br>Test class: Static_Data_V3.StaticData_Account<br>Parameters: Verify_StaticData_Account_TC0004, /int/ord/api/v3/staticData/Account, application/json, 200, Account4, 10004, LSL</td>
<td></td>
<td>0</td>
<td>Static_Data_V3.StaticData_Account@3003697</td></tr>
<tr>
<td title='Static_Data_V3.StaticData_OrdType.Verify_StaticData_OrdType()'><b>Verify_StaticData_OrdType</b><br>Test class: Static_Data_V3.StaticData_OrdType<br>Parameters: Verify_StaticData_OrdType_TC0003, /int/ord/api/v3/staticData/OrdType, application/json, 200, STOP, 3, LSL</td>
<td></td>
<td>0</td>
<td>Static_Data_V3.StaticData_OrdType@1e7f2e0f</td></tr>
<tr>
<td title='Static_Data_V3.StaticData_BlotterPackage_Permissions.Verify_StaticData_BlotterPackage_Permissions()'><b>Verify_StaticData_BlotterPackage_Permissions</b><br>Test class: Static_Data_V3.StaticData_BlotterPackage_Permissions<br>Parameters: Verify_StaticData_BlotterPackage_Permissions_TC0001, /int/ord/api/v3/staticData/BlotterPermissions, application/json, 200, positionWindow, true, 1000, AddPosition, true, true</td>
<td></td>
<td>0</td>
<td>Static_Data_V3.StaticData_BlotterPackage_Permissions@71154f21</td></tr>
<tr>
<td title='Static_Data_V3.StaticData_Account.Verify_StaticData_Account()'><b>Verify_StaticData_Account</b><br>Test class: Static_Data_V3.StaticData_Account<br>Parameters: Verify_StaticData_Account_TC0005, /int/ord/api/v3/staticData/Account, application/json, 200, Account5, 10005, LSL</td>
<td></td>
<td>0</td>
<td>Static_Data_V3.StaticData_Account@3003697</td></tr>
<tr>
<td title='Static_Data_V3.StaticData_Account.Verify_StaticData_Account()'><b>Verify_StaticData_Account</b><br>Test class: Static_Data_V3.StaticData_Account<br>Parameters: Verify_StaticData_Account_TC0007, /int/ord/api/v3/staticData/Account, application/json, 200, qatest28account1, qatest28account1, LSL</td>
<td></td>
<td>0</td>
<td>Static_Data_V3.StaticData_Account@3003697</td></tr>
<tr>
<td title='Static_Data_V3.StaticData_BlotterPackage_Permissions.Verify_StaticData_BlotterPackage_Permissions()'><b>Verify_StaticData_BlotterPackage_Permissions</b><br>Test class: Static_Data_V3.StaticData_BlotterPackage_Permissions<br>Parameters: Verify_StaticData_BlotterPackage_Permissions_TC0002, /int/ord/api/v3/staticData/BlotterPermissions, application/json, 200, positionWindow, true, 1000, DeletePosition, true, true</td>
<td></td>
<td>0</td>
<td>Static_Data_V3.StaticData_BlotterPackage_Permissions@71154f21</td></tr>
<tr>
<td title='Static_Data_V3.StaticData_TIF.Verify_StaticData_TIF()'><b>Verify_StaticData_TIF</b><br>Test class: Static_Data_V3.StaticData_TIF<br>Parameters: Verify_StaticData_TIF_TC0004, /int/ord/api/v3/staticData/TIF, application/json, 200, IOC, 3, LSL</td>
<td></td>
<td>0</td>
<td>Static_Data_V3.StaticData_TIF@1bdbf9be</td></tr>
<tr>
<td title='Static_Data_V3.StaticData_BlotterPackage_Permissions.Verify_StaticData_BlotterPackage_Permissions()'><b>Verify_StaticData_BlotterPackage_Permissions</b><br>Test class: Static_Data_V3.StaticData_BlotterPackage_Permissions<br>Parameters: Verify_StaticData_BlotterPackage_Permissions_TC0003, /int/ord/api/v3/staticData/BlotterPermissions, application/json, 200, positionWindow, true, 1000, IsFirmPositionAllowed, true, true</td>
<td></td>
<td>0</td>
<td>Static_Data_V3.StaticData_BlotterPackage_Permissions@71154f21</td></tr>
<tr>
<td title='Static_Data_V3.StaticData_CommType.Verify_StaticData_CommType()'><b>Verify_StaticData_CommType</b><br>Test class: Static_Data_V3.StaticData_CommType<br>Parameters: Verify_StaticData_CommType_TC0002, /int/ord/api/v3/staticData/CommType, application/json, 200, Percentage, 2, LSL</td>
<td></td>
<td>0</td>
<td>Static_Data_V3.StaticData_CommType@5b69d40d</td></tr>
<tr>
<td title='Static_Data_V3.StaticData_TIF.Verify_StaticData_TIF()'><b>Verify_StaticData_TIF</b><br>Test class: Static_Data_V3.StaticData_TIF<br>Parameters: Verify_StaticData_TIF_TC0005, /int/ord/api/v3/staticData/TIF, application/json, 200, FOK, 4, LSL</td>
<td></td>
<td>0</td>
<td>Static_Data_V3.StaticData_TIF@1bdbf9be</td></tr>
<tr>
<td title='Static_Data_V3.StaticData_MktTopPerfExchange.Verify_StaticData_MktTopPerfExchange()'><b>Verify_StaticData_MktTopPerfExchange</b><br>Test class: Static_Data_V3.StaticData_MktTopPerfExchange<br>Parameters: Verify_StaticData_MktTopPerfExchange_TC0007, /int/ord/api/v3/staticData/MktTopPerfExchange, application/json, 200, BOSTON_OPTIONS-P, BO-P, LSL</td>
<td></td>
<td>0</td>
<td>Static_Data_V3.StaticData_MktTopPerfExchange@2d691f3d</td></tr>
<tr>
<td title='Static_Data_V3.StaticData_Side.Verify_StaticData_Side()'><b>Verify_StaticData_Side</b><br>Test class: Static_Data_V3.StaticData_Side<br>Parameters: Verify_StaticData_Side_TC0002, /int/ord/api/v3/staticData/Side, application/json, 200, SELL, 2, LSL</td>
<td></td>
<td>0</td>
<td>Static_Data_V3.StaticData_Side@3c818ac4</td></tr>
<tr>
<td title='Static_Data_V3.StaticData_BlotterPackage_Permissions.Verify_StaticData_BlotterPackage_Permissions()'><b>Verify_StaticData_BlotterPackage_Permissions</b><br>Test class: Static_Data_V3.StaticData_BlotterPackage_Permissions<br>Parameters: Verify_StaticData_BlotterPackage_Permissions_TC0004, /int/ord/api/v3/staticData/BlotterPermissions, application/json, 200, positionWindow, true, 1000, UpdatePosition, true, true</td>
<td></td>
<td>0</td>
<td>Static_Data_V3.StaticData_BlotterPackage_Permissions@71154f21</td></tr>
<tr>
<td title='Static_Data_V3.StaticData_Destination_TraderOnly.Verify_StaticData_Destination_TraderOnly()'><b>Verify_StaticData_Destination_TraderOnly</b><br>Test class: Static_Data_V3.StaticData_Destination_TraderOnly<br>Parameters: Verify_StaticData_Destination_TraderOnly_TC0004, /int/ord/api/v3/staticData/Destination/TraderOnly, application/json, 200, ARCA, "D0", LSL</td>
<td></td>
<td>0</td>
<td>Static_Data_V3.StaticData_Destination_TraderOnly@410e94e</td></tr>
<tr>
<td title='Static_Data_V3.StaticData_MktTopPerfExchange.Verify_StaticData_MktTopPerfExchange()'><b>Verify_StaticData_MktTopPerfExchange</b><br>Test class: Static_Data_V3.StaticData_MktTopPerfExchange<br>Parameters: Verify_StaticData_MktTopPerfExchange_TC0005, /int/ord/api/v3/staticData/MktTopPerfExchange, application/json, 200, NASDAQ_OMX_BX-ETF, B-ETF, LSL</td>
<td></td>
<td>0</td>
<td>Static_Data_V3.StaticData_MktTopPerfExchange@2d691f3d</td></tr>
<tr>
<td title='Static_Data_V3.StaticData_CommType.Verify_StaticData_CommType()'><b>Verify_StaticData_CommType</b><br>Test class: Static_Data_V3.StaticData_CommType<br>Parameters: Verify_StaticData_CommType_TC0001, /int/ord/api/v3/staticData/CommType, application/json, 200, Per Share, 1, LSL</td>
<td></td>
<td>0</td>
<td>Static_Data_V3.StaticData_CommType@5b69d40d</td></tr>
<tr>
<td title='Static_Data_V3.StaticData_MktTopPerfExchange.Verify_StaticData_MktTopPerfExchange()'><b>Verify_StaticData_MktTopPerfExchange</b><br>Test class: Static_Data_V3.StaticData_MktTopPerfExchange<br>Parameters: Verify_StaticData_MktTopPerfExchange_TC0004, /int/ord/api/v3/staticData/MktTopPerfExchange, application/json, 200, NASDAQ_OMX_BX, B, LSL</td>
<td></td>
<td>0</td>
<td>Static_Data_V3.StaticData_MktTopPerfExchange@2d691f3d</td></tr>
<tr>
<td title='Static_Data_V3.StaticData_MktTopPerfCateg.Verify_StaticData_MktTopPerfCateg()'><b>Verify_StaticData_MktTopPerfCateg</b><br>Test class: Static_Data_V3.StaticData_MktTopPerfCateg<br>Parameters: Verify_StaticData_MktTopPerfCateg_TC0003, /int/ord/api/v3/staticData/MktTopPerfCateg, application/json, 200, % Gainers, PERCENT\/ADV, LSL</td>
<td></td>
<td>0</td>
<td>Static_Data_V3.StaticData_MktTopPerfCateg@41c89d2f</td></tr>
<tr>
<td title='Static_Data_V3.StaticData_TIF.Verify_StaticData_TIF()'><b>Verify_StaticData_TIF</b><br>Test class: Static_Data_V3.StaticData_TIF<br>Parameters: Verify_StaticData_TIF_TC0001, /int/ord/api/v3/staticData/TIF, application/json, 200, Day, 0, LSL</td>
<td></td>
<td>0</td>
<td>Static_Data_V3.StaticData_TIF@1bdbf9be</td></tr>
<tr>
<td title='Static_Data_V3.StaticData_Destination_TraderOnly.Verify_StaticData_Destination_TraderOnly()'><b>Verify_StaticData_Destination_TraderOnly</b><br>Test class: Static_Data_V3.StaticData_Destination_TraderOnly<br>Parameters: Verify_StaticData_Destination_TraderOnly_TC0006, /int/ord/api/v3/staticData/Destination/TraderOnly, application/json, 200, ATS, "-ATS", LSL</td>
<td></td>
<td>0</td>
<td>Static_Data_V3.StaticData_Destination_TraderOnly@410e94e</td></tr>
<tr>
<td title='Static_Data_V3.StaticData_MktTopPerfExchange.Verify_StaticData_MktTopPerfExchange()'><b>Verify_StaticData_MktTopPerfExchange</b><br>Test class: Static_Data_V3.StaticData_MktTopPerfExchange<br>Parameters: Verify_StaticData_MktTopPerfExchange_TC0001, /int/ord/api/v3/staticData/MktTopPerfExchange, application/json, 200, NYSE_AMEX, A, LSL</td>
<td></td>
<td>0</td>
<td>Static_Data_V3.StaticData_MktTopPerfExchange@2d691f3d</td></tr>
<tr>
<td title='Static_Data_V3.StaticData_OrdType.Verify_StaticData_OrdType()'><b>Verify_StaticData_OrdType</b><br>Test class: Static_Data_V3.StaticData_OrdType<br>Parameters: Verify_StaticData_OrdType_TC0004, /int/ord/api/v3/staticData/OrdType, application/json, 200, STOP LMT, 4, LSL</td>
<td></td>
<td>0</td>
<td>Static_Data_V3.StaticData_OrdType@1e7f2e0f</td></tr>
<tr>
<td title='IdentityServer_API_User.Login.UserLogin()'><b>UserLogin</b><br>Test class: IdentityServer_API_User.Login<br>Parameters: Verify_UserLogin_TC0001, /int/is/api/login, qatest27@mailinator.com, @Qatest27, application/json, 202, /int/is/api/login/tfa/, 123456, 200</td>
<td></td>
<td>3</td>
<td>IdentityServer_API_User.Login@2e16b08d</td></tr>
<tr>
<td title='Static_Data_V3.StaticData_BlotterPackage_Permissions.Verify_StaticData_BlotterPackage_Permissions()'><b>Verify_StaticData_BlotterPackage_Permissions</b><br>Test class: Static_Data_V3.StaticData_BlotterPackage_Permissions<br>Parameters: Verify_StaticData_BlotterPackage_Permissions_TC0005, /int/ord/api/v3/staticData/BlotterPermissions, application/json, 200, ticketWindow, true, 1, null, null, null</td>
<td></td>
<td>0</td>
<td>Static_Data_V3.StaticData_BlotterPackage_Permissions@71154f21</td></tr>
<tr>
<td title='Static_Data_V3.StaticData_Account.Verify_StaticData_Account()'><b>Verify_StaticData_Account</b><br>Test class: Static_Data_V3.StaticData_Account<br>Parameters: Verify_StaticData_Account_TC0001, /int/ord/api/v3/staticData/Account, application/json, 200, Account1, 10001, LSL</td>
<td></td>
<td>0</td>
<td>Static_Data_V3.StaticData_Account@3003697</td></tr>
<tr>
<td title='Static_Data_V3.StaticData_ETBHTB.Verify_StaticData_ETBHTB()'><b>Verify_StaticData_ETBHTB</b><br>Test class: Static_Data_V3.StaticData_ETBHTB<br>Parameters: Verify_StaticData_ETBHTB_TC0001, /int/ord/api/v3.1/staticData/ETBHTB/10005/AA, application/json, 200, LSL_AA, AA, 1, K, LSL</td>
<td></td>
<td>0</td>
<td>Static_Data_V3.StaticData_ETBHTB@437ebf59</td></tr>
<tr>
<td title='Static_Data_V3.StaticData_TIF.Verify_StaticData_TIF()'><b>Verify_StaticData_TIF</b><br>Test class: Static_Data_V3.StaticData_TIF<br>Parameters: Verify_StaticData_TIF_TC0007, /int/ord/api/v3/staticData/TIF, application/json, 200, GTD, 6, LSL</td>
<td></td>
<td>0</td>
<td>Static_Data_V3.StaticData_TIF@1bdbf9be</td></tr>
<tr>
<td title='Static_Data_V3.StaticData_Account.Verify_StaticData_Account()'><b>Verify_StaticData_Account</b><br>Test class: Static_Data_V3.StaticData_Account<br>Parameters: Verify_StaticData_Account_TC0006, /int/ord/api/v3/staticData/Account, application/json, 200, 1LOC-LOCA-123456-M, 1LOC-LOCA-123456-M, LSL</td>
<td></td>
<td>0</td>
<td>Static_Data_V3.StaticData_Account@3003697</td></tr>
<tr>
<td title='Static_Data_V3.StaticData_Side.Verify_StaticData_Side()'><b>Verify_StaticData_Side</b><br>Test class: Static_Data_V3.StaticData_Side<br>Parameters: Verify_StaticData_Side_TC0001, /int/ord/api/v3/staticData/Side, application/json, 200, BUY, 1, LSL</td>
<td></td>
<td>0</td>
<td>Static_Data_V3.StaticData_Side@3c818ac4</td></tr>
<tr>
<td title='Static_Data_V3.StaticData_TIF.Verify_StaticData_TIF()'><b>Verify_StaticData_TIF</b><br>Test class: Static_Data_V3.StaticData_TIF<br>Parameters: Verify_StaticData_TIF_TC0006, /int/ord/api/v3/staticData/TIF, application/json, 200, GTX, 5, LSL</td>
<td></td>
<td>0</td>
<td>Static_Data_V3.StaticData_TIF@1bdbf9be</td></tr>
<tr>
<td title='Static_Data_V3.StaticData_Account.Verify_StaticData_Account()'><b>Verify_StaticData_Account</b><br>Test class: Static_Data_V3.StaticData_Account<br>Parameters: Verify_StaticData_Account_TC0003, /int/ord/api/v3/staticData/Account, application/json, 200, Account3, 10003, LSL</td>
<td></td>
<td>0</td>
<td>Static_Data_V3.StaticData_Account@3003697</td></tr>
<tr>
<td title='Static_Data_V3.StaticData_Destination_TraderOnly.Verify_StaticData_Destination_TraderOnly()'><b>Verify_StaticData_Destination_TraderOnly</b><br>Test class: Static_Data_V3.StaticData_Destination_TraderOnly<br>Parameters: Verify_StaticData_Destination_TraderOnly_TC0005, /int/ord/api/v3/staticData/Destination/TraderOnly, application/json, 200, AFHB, "-AFHB", LSL</td>
<td></td>
<td>0</td>
<td>Static_Data_V3.StaticData_Destination_TraderOnly@410e94e</td></tr>
<tr>
<td title='Static_Data_V3.StaticData_MktTopPerfCateg.Verify_StaticData_MktTopPerfCateg()'><b>Verify_StaticData_MktTopPerfCateg</b><br>Test class: Static_Data_V3.StaticData_MktTopPerfCateg<br>Parameters: Verify_StaticData_MktTopPerfCateg_TC0001, /int/ord/api/v3/staticData/MktTopPerfCateg, application/json, 200, Most Active By Value, CUMVAL\/ACT, LSL</td>
<td></td>
<td>0</td>
<td>Static_Data_V3.StaticData_MktTopPerfCateg@41c89d2f</td></tr>
<tr>
<td title='Static_Data_V3.StaticData_CommType.Verify_StaticData_CommType()'><b>Verify_StaticData_CommType</b><br>Test class: Static_Data_V3.StaticData_CommType<br>Parameters: Verify_StaticData_CommType_TC0003, /int/ord/api/v3/staticData/CommType, application/json, 200, Absolute, 3, LSL</td>
<td></td>
<td>0</td>
<td>Static_Data_V3.StaticData_CommType@5b69d40d</td></tr>
<tr>
<td title='Static_Data_V3.StaticData_Account.Verify_StaticData_Account()'><b>Verify_StaticData_Account</b><br>Test class: Static_Data_V3.StaticData_Account<br>Parameters: Verify_StaticData_Account_TC0002, /int/ord/api/v3/staticData/Account, application/json, 200, Account2, 10002, LSL</td>
<td></td>
<td>0</td>
<td>Static_Data_V3.StaticData_Account@3003697</td></tr>
<tr>
<td title='Static_Data_V3.StaticData_OrdType.Verify_StaticData_OrdType()'><b>Verify_StaticData_OrdType</b><br>Test class: Static_Data_V3.StaticData_OrdType<br>Parameters: Verify_StaticData_OrdType_TC0002, /int/ord/api/v3/staticData/OrdType, application/json, 200, LMT, 2, LSL</td>
<td></td>
<td>0</td>
<td>Static_Data_V3.StaticData_OrdType@1e7f2e0f</td></tr>
<tr>
<td title='Static_Data_V3.StaticData_Blotter_Permissions.Verify_StaticData_BlotterPermissions()'><b>Verify_StaticData_BlotterPermissions</b><br>Test class: Static_Data_V3.StaticData_Blotter_Permissions<br>Parameters: Verify_StaticData_BlotterPermissions_TC0001, /int/ord/api/v3/staticData/BlotterPermissions, application/json, 200, AddPosition, true, true</td>
<td></td>
<td>0</td>
<td>Static_Data_V3.StaticData_Blotter_Permissions@64d43929</td></tr>
<tr>
<td title='Static_Data_V3.StaticData_Destination_TraderOnly.Verify_StaticData_Destination_TraderOnly()'><b>Verify_StaticData_Destination_TraderOnly</b><br>Test class: Static_Data_V3.StaticData_Destination_TraderOnly<br>Parameters: Verify_StaticData_Destination_TraderOnly_TC0007, /int/ord/api/v3/staticData/Destination/TraderOnly, application/json, 200, NYSE, "NYSE", LSL</td>
<td></td>
<td>0</td>
<td>Static_Data_V3.StaticData_Destination_TraderOnly@410e94e</td></tr>
<tr>
<td title='Static_Data_V3.StaticData_LocateTIF.Verify_StaticData_LocateTIF()'><b>Verify_StaticData_LocateTIF</b><br>Test class: Static_Data_V3.StaticData_LocateTIF<br>Parameters: Verify_StaticData_LocateTIF_TC0002, /int/ord/api/v3/staticData/LocateTIF, application/json, 200, FOK, 4, LSL</td>
<td></td>
<td>0</td>
<td>Static_Data_V3.StaticData_LocateTIF@1d269ed7</td></tr>
<tr>
<td title='Static_Data_V3.StaticData_MktTopPerfCateg.Verify_StaticData_MktTopPerfCateg()'><b>Verify_StaticData_MktTopPerfCateg</b><br>Test class: Static_Data_V3.StaticData_MktTopPerfCateg<br>Parameters: Verify_StaticData_MktTopPerfCateg_TC0004, /int/ord/api/v3/staticData/MktTopPerfCateg, application/json, 200, % Lossers, PERCENT\/DEC, LSL</td>
<td></td>
<td>0</td>
<td>Static_Data_V3.StaticData_MktTopPerfCateg@41c89d2f</td></tr>
<tr>
<td title='Static_Data_V3.StaticData_Side.Verify_StaticData_Side()'><b>Verify_StaticData_Side</b><br>Test class: Static_Data_V3.StaticData_Side<br>Parameters: Verify_StaticData_Side_TC0003, /int/ord/api/v3/staticData/Side, application/json, 200, SS, 5, LSL</td>
<td></td>
<td>0</td>
<td>Static_Data_V3.StaticData_Side@3c818ac4</td></tr>
<tr>
<td title='Static_Data_V3.StaticData_MktTopPerfCateg.Verify_StaticData_MktTopPerfCateg()'><b>Verify_StaticData_MktTopPerfCateg</b><br>Test class: Static_Data_V3.StaticData_MktTopPerfCateg<br>Parameters: Verify_StaticData_MktTopPerfCateg_TC0002, /int/ord/api/v3/staticData/MktTopPerfCateg, application/json, 200, Most Active By Volume, CUMVOL\/ACT, LSL</td>
<td></td>
<td>0</td>
<td>Static_Data_V3.StaticData_MktTopPerfCateg@41c89d2f</td></tr>
<tr>
<td title='Static_Data_V3.StaticData_MktTopPerfExchange.Verify_StaticData_MktTopPerfExchange()'><b>Verify_StaticData_MktTopPerfExchange</b><br>Test class: Static_Data_V3.StaticData_MktTopPerfExchange<br>Parameters: Verify_StaticData_MktTopPerfExchange_TC0002, /int/ord/api/v3/staticData/MktTopPerfExchange, application/json, 200, NYSE_AMEX_OPTIONS-C, AO-C, LSL</td>
<td></td>
<td>0</td>
<td>Static_Data_V3.StaticData_MktTopPerfExchange@2d691f3d</td></tr>
</table><p>
</body>
</html>