<?xml version="1.0" encoding="UTF-8"?>
<!-- Generated by org.testng.reporters.JUnitXMLReporter -->
<testsuite ignored="0" hostname="Dev-AjmalSyed" failures="8" tests="60" name="Static_Data test" time="46.444" errors="0" timestamp="2023-12-21T21:12:16 PKT">
  <testcase classname="IdentityServer_API_User.Login" name="UserLogin" time="3.188"/>
  <testcase classname="Static_Data_V3.StaticData_Blotter_Permissions" name="Verify_StaticData_BlotterPermissions" time="0.693"/>
  <testcase classname="Static_Data_V3.StaticData_LocateTIF" name="Verify_StaticData_LocateTIF" time="0.617"/>
  <testcase classname="Static_Data_V3.StaticData_LocateTIF" name="Verify_StaticData_LocateTIF" time="0.584"/>
  <testcase classname="Static_Data_V3.StaticData_ETBHTB" name="Verify_StaticData_ETBHTB" time="0.635"/>
  <testcase classname="Static_Data_V3.StaticData_MktTopPerfCateg" name="Verify_StaticData_MktTopPerfCateg" time="0.585"/>
  <testcase classname="Static_Data_V3.StaticData_MktTopPerfCateg" name="Verify_StaticData_MktTopPerfCateg" time="0.59"/>
  <testcase classname="Static_Data_V3.StaticData_MktTopPerfCateg" name="Verify_StaticData_MktTopPerfCateg" time="0.579"/>
  <testcase classname="Static_Data_V3.StaticData_MktTopPerfCateg" name="Verify_StaticData_MktTopPerfCateg" time="0.601"/>
  <testcase classname="Static_Data_V3.StaticData_Destination_TraderOnly" name="Verify_StaticData_Destination_TraderOnly" time="0.588"/>
  <testcase classname="Static_Data_V3.StaticData_Destination_TraderOnly" name="Verify_StaticData_Destination_TraderOnly" time="0.582"/>
  <testcase classname="Static_Data_V3.StaticData_Destination_TraderOnly" name="Verify_StaticData_Destination_TraderOnly" time="0.573"/>
  <testcase classname="Static_Data_V3.StaticData_Destination_TraderOnly" name="Verify_StaticData_Destination_TraderOnly" time="0.573"/>
  <testcase classname="Static_Data_V3.StaticData_Destination_TraderOnly" name="Verify_StaticData_Destination_TraderOnly" time="0.586"/>
  <testcase classname="Static_Data_V3.StaticData_Destination_TraderOnly" name="Verify_StaticData_Destination_TraderOnly" time="0.593"/>
  <testcase classname="Static_Data_V3.StaticData_Destination_TraderOnly" name="Verify_StaticData_Destination_TraderOnly" time="0.573"/>
  <testcase classname="Static_Data_V3.StaticData_MktTopPerfExchange" name="Verify_StaticData_MktTopPerfExchange" time="0.582"/>
  <testcase classname="Static_Data_V3.StaticData_MktTopPerfExchange" name="Verify_StaticData_MktTopPerfExchange" time="0.58"/>
  <testcase classname="Static_Data_V3.StaticData_MktTopPerfExchange" name="Verify_StaticData_MktTopPerfExchange" time="0.574"/>
  <testcase classname="Static_Data_V3.StaticData_MktTopPerfExchange" name="Verify_StaticData_MktTopPerfExchange" time="0.568"/>
  <testcase classname="Static_Data_V3.StaticData_MktTopPerfExchange" name="Verify_StaticData_MktTopPerfExchange" time="0.58"/>
  <testcase classname="Static_Data_V3.StaticData_MktTopPerfExchange" name="Verify_StaticData_MktTopPerfExchange" time="0.584"/>
  <testcase classname="Static_Data_V3.StaticData_MktTopPerfExchange" name="Verify_StaticData_MktTopPerfExchange" time="0.572"/>
  <testcase classname="Static_Data_V3.StaticData_Account" name="Verify_StaticData_Account" time="0.573"/>
  <testcase classname="Static_Data_V3.StaticData_Account" name="Verify_StaticData_Account" time="0.571"/>
  <testcase classname="Static_Data_V3.StaticData_Account" name="Verify_StaticData_Account" time="0.573"/>
  <testcase classname="Static_Data_V3.StaticData_Account" name="Verify_StaticData_Account" time="0.572"/>
  <testcase classname="Static_Data_V3.StaticData_Account" name="Verify_StaticData_Account" time="0.572"/>
  <testcase classname="Static_Data_V3.StaticData_Account" name="Verify_StaticData_Account" time="0.585"/>
  <testcase classname="Static_Data_V3.StaticData_Account" name="Verify_StaticData_Account" time="0.588"/>
  <testcase classname="Static_Data_V3.StaticData_TIF" name="Verify_StaticData_TIF" time="0.579"/>
  <testcase classname="Static_Data_V3.StaticData_TIF" name="Verify_StaticData_TIF" time="0.577"/>
  <testcase classname="Static_Data_V3.StaticData_TIF" name="Verify_StaticData_TIF" time="0.583"/>
  <testcase classname="Static_Data_V3.StaticData_TIF" name="Verify_StaticData_TIF" time="0.578"/>
  <testcase classname="Static_Data_V3.StaticData_TIF" name="Verify_StaticData_TIF" time="0.566"/>
  <testcase classname="Static_Data_V3.StaticData_TIF" name="Verify_StaticData_TIF" time="0.573"/>
  <testcase classname="Static_Data_V3.StaticData_TIF" name="Verify_StaticData_TIF" time="0.57"/>
  <testcase classname="Static_Data_V3.StaticData_OrdType" name="Verify_StaticData_OrdType" time="0.583"/>
  <testcase classname="Static_Data_V3.StaticData_OrdType" name="Verify_StaticData_OrdType" time="0.579"/>
  <testcase classname="Static_Data_V3.StaticData_OrdType" name="Verify_StaticData_OrdType" time="0.576"/>
  <testcase classname="Static_Data_V3.StaticData_OrdType" name="Verify_StaticData_OrdType" time="0.602"/>
  <testcase classname="Static_Data_V3.StaticData_Option_Destination" name="Verify_StaticData_Option_Destination" time="0.575">
    <failure type="java.lang.AssertionError" message="Validate_OptionDestination_Value expected [[&amp;quot;-OPTFIX&amp;quot;]] but found [[&amp;quot;-OPTFIX&amp;quot;,&amp;quot;-OPTFIX&amp;quot;,&amp;quot;-OPTFIX&amp;quot;,&amp;quot;-OPTFIX&amp;quot;,&amp;quot;-OPTFIX&amp;quot;]]">
      <![CDATA[java.lang.AssertionError: Validate_OptionDestination_Value expected [["-OPTFIX"]] but found [["-OPTFIX","-OPTFIX","-OPTFIX","-OPTFIX","-OPTFIX"]]
at org.testng.Assert.fail(Assert.java:110)
at org.testng.Assert.failNotEquals(Assert.java:1577)
at org.testng.Assert.assertEqualsImpl(Assert.java:149)
at org.testng.Assert.assertEquals(Assert.java:131)
at org.testng.Assert.assertEquals(Assert.java:655)
at Static_Data_V3.StaticData_Option_Destination.Verify_StaticData_Option_Destination(StaticData_Option_Destination.java:58)
at java.base/jdk.internal.reflect.NativeMethodAccessorImpl.invoke0(Native Method)
at java.base/jdk.internal.reflect.NativeMethodAccessorImpl.invoke(NativeMethodAccessorImpl.java:77)
at java.base/jdk.internal.reflect.DelegatingMethodAccessorImpl.invoke(DelegatingMethodAccessorImpl.java:43)
at java.base/java.lang.reflect.Method.invoke(Method.java:568)
at org.testng.internal.invokers.MethodInvocationHelper.invokeMethod(MethodInvocationHelper.java:139)
at org.testng.internal.invokers.TestInvoker.invokeMethod(TestInvoker.java:677)
at org.testng.internal.invokers.TestInvoker.invokeTestMethod(TestInvoker.java:221)
at org.testng.internal.invokers.MethodRunner.runInSequence(MethodRunner.java:50)
at org.testng.internal.invokers.TestInvoker$MethodInvocationAgent.invoke(TestInvoker.java:969)
at org.testng.internal.invokers.TestInvoker.invokeTestMethods(TestInvoker.java:194)
at org.testng.internal.invokers.TestMethodWorker.invokeTestMethods(TestMethodWorker.java:148)
at org.testng.internal.invokers.TestMethodWorker.run(TestMethodWorker.java:128)
at java.base/java.util.ArrayList.forEach(ArrayList.java:1511)
at org.testng.TestRunner.privateRun(TestRunner.java:829)
at org.testng.TestRunner.run(TestRunner.java:602)
at org.testng.SuiteRunner.runTest(SuiteRunner.java:437)
at org.testng.SuiteRunner.runSequentially(SuiteRunner.java:431)
at org.testng.SuiteRunner.privateRun(SuiteRunner.java:391)
at org.testng.SuiteRunner.run(SuiteRunner.java:330)
at org.testng.SuiteRunnerWorker.runSuite(SuiteRunnerWorker.java:52)
at org.testng.SuiteRunnerWorker.run(SuiteRunnerWorker.java:95)
at org.testng.TestNG.runSuitesSequentially(TestNG.java:1256)
at org.testng.TestNG.runSuitesLocally(TestNG.java:1176)
at org.testng.TestNG.runSuites(TestNG.java:1099)
at org.testng.TestNG.run(TestNG.java:1067)
at org.testng.remote.AbstractRemoteTestNG.run(AbstractRemoteTestNG.java:115)
at org.testng.remote.RemoteTestNG.initAndRun(RemoteTestNG.java:251)
at org.testng.remote.RemoteTestNG.main(RemoteTestNG.java:77)
]]>
    </failure>
  </testcase> <!-- Verify_StaticData_Option_Destination -->
  <testcase classname="Static_Data_V3.StaticData_Option_Destination" name="Verify_StaticData_Option_Destination" time="0.573">
    <failure type="java.lang.AssertionError" message="Validate_OptionDestination_Value expected [[&amp;quot;-OPTZAK&amp;quot;]] but found [[&amp;quot;-OPTZAK&amp;quot;,&amp;quot;-OPTZAK&amp;quot;,&amp;quot;-OPTZAK&amp;quot;,&amp;quot;-OPTZAK&amp;quot;]]">
      <![CDATA[java.lang.AssertionError: Validate_OptionDestination_Value expected [["-OPTZAK"]] but found [["-OPTZAK","-OPTZAK","-OPTZAK","-OPTZAK"]]
at org.testng.Assert.fail(Assert.java:110)
at org.testng.Assert.failNotEquals(Assert.java:1577)
at org.testng.Assert.assertEqualsImpl(Assert.java:149)
at org.testng.Assert.assertEquals(Assert.java:131)
at org.testng.Assert.assertEquals(Assert.java:655)
at Static_Data_V3.StaticData_Option_Destination.Verify_StaticData_Option_Destination(StaticData_Option_Destination.java:58)
at java.base/jdk.internal.reflect.NativeMethodAccessorImpl.invoke0(Native Method)
at java.base/jdk.internal.reflect.NativeMethodAccessorImpl.invoke(NativeMethodAccessorImpl.java:77)
at java.base/jdk.internal.reflect.DelegatingMethodAccessorImpl.invoke(DelegatingMethodAccessorImpl.java:43)
at java.base/java.lang.reflect.Method.invoke(Method.java:568)
at org.testng.internal.invokers.MethodInvocationHelper.invokeMethod(MethodInvocationHelper.java:139)
at org.testng.internal.invokers.TestInvoker.invokeMethod(TestInvoker.java:677)
at org.testng.internal.invokers.TestInvoker.invokeTestMethod(TestInvoker.java:221)
at org.testng.internal.invokers.MethodRunner.runInSequence(MethodRunner.java:50)
at org.testng.internal.invokers.TestInvoker$MethodInvocationAgent.invoke(TestInvoker.java:969)
at org.testng.internal.invokers.TestInvoker.invokeTestMethods(TestInvoker.java:194)
at org.testng.internal.invokers.TestMethodWorker.invokeTestMethods(TestMethodWorker.java:148)
at org.testng.internal.invokers.TestMethodWorker.run(TestMethodWorker.java:128)
at java.base/java.util.ArrayList.forEach(ArrayList.java:1511)
at org.testng.TestRunner.privateRun(TestRunner.java:829)
at org.testng.TestRunner.run(TestRunner.java:602)
at org.testng.SuiteRunner.runTest(SuiteRunner.java:437)
at org.testng.SuiteRunner.runSequentially(SuiteRunner.java:431)
at org.testng.SuiteRunner.privateRun(SuiteRunner.java:391)
at org.testng.SuiteRunner.run(SuiteRunner.java:330)
at org.testng.SuiteRunnerWorker.runSuite(SuiteRunnerWorker.java:52)
at org.testng.SuiteRunnerWorker.run(SuiteRunnerWorker.java:95)
at org.testng.TestNG.runSuitesSequentially(TestNG.java:1256)
at org.testng.TestNG.runSuitesLocally(TestNG.java:1176)
at org.testng.TestNG.runSuites(TestNG.java:1099)
at org.testng.TestNG.run(TestNG.java:1067)
at org.testng.remote.AbstractRemoteTestNG.run(AbstractRemoteTestNG.java:115)
at org.testng.remote.RemoteTestNG.initAndRun(RemoteTestNG.java:251)
at org.testng.remote.RemoteTestNG.main(RemoteTestNG.java:77)
]]>
    </failure>
  </testcase> <!-- Verify_StaticData_Option_Destination -->
  <testcase classname="Static_Data_V3.StaticData_Destination" name="Verify_StaticData_Destination" time="0.584">
    <failure type="java.lang.AssertionError" message="Validate_Destination_Value expected [[&amp;quot;-DEMO&amp;quot;]] but found [[&amp;quot;-DEMO&amp;quot;,&amp;quot;-DEMO&amp;quot;]]">
      <![CDATA[java.lang.AssertionError: Validate_Destination_Value expected [["-DEMO"]] but found [["-DEMO","-DEMO"]]
at org.testng.Assert.fail(Assert.java:110)
at org.testng.Assert.failNotEquals(Assert.java:1577)
at org.testng.Assert.assertEqualsImpl(Assert.java:149)
at org.testng.Assert.assertEquals(Assert.java:131)
at org.testng.Assert.assertEquals(Assert.java:655)
at Static_Data_V3.StaticData_Destination.Verify_StaticData_Destination(StaticData_Destination.java:56)
at java.base/jdk.internal.reflect.NativeMethodAccessorImpl.invoke0(Native Method)
at java.base/jdk.internal.reflect.NativeMethodAccessorImpl.invoke(NativeMethodAccessorImpl.java:77)
at java.base/jdk.internal.reflect.DelegatingMethodAccessorImpl.invoke(DelegatingMethodAccessorImpl.java:43)
at java.base/java.lang.reflect.Method.invoke(Method.java:568)
at org.testng.internal.invokers.MethodInvocationHelper.invokeMethod(MethodInvocationHelper.java:139)
at org.testng.internal.invokers.TestInvoker.invokeMethod(TestInvoker.java:677)
at org.testng.internal.invokers.TestInvoker.invokeTestMethod(TestInvoker.java:221)
at org.testng.internal.invokers.MethodRunner.runInSequence(MethodRunner.java:50)
at org.testng.internal.invokers.TestInvoker$MethodInvocationAgent.invoke(TestInvoker.java:969)
at org.testng.internal.invokers.TestInvoker.invokeTestMethods(TestInvoker.java:194)
at org.testng.internal.invokers.TestMethodWorker.invokeTestMethods(TestMethodWorker.java:148)
at org.testng.internal.invokers.TestMethodWorker.run(TestMethodWorker.java:128)
at java.base/java.util.ArrayList.forEach(ArrayList.java:1511)
at org.testng.TestRunner.privateRun(TestRunner.java:829)
at org.testng.TestRunner.run(TestRunner.java:602)
at org.testng.SuiteRunner.runTest(SuiteRunner.java:437)
at org.testng.SuiteRunner.runSequentially(SuiteRunner.java:431)
at org.testng.SuiteRunner.privateRun(SuiteRunner.java:391)
at org.testng.SuiteRunner.run(SuiteRunner.java:330)
at org.testng.SuiteRunnerWorker.runSuite(SuiteRunnerWorker.java:52)
at org.testng.SuiteRunnerWorker.run(SuiteRunnerWorker.java:95)
at org.testng.TestNG.runSuitesSequentially(TestNG.java:1256)
at org.testng.TestNG.runSuitesLocally(TestNG.java:1176)
at org.testng.TestNG.runSuites(TestNG.java:1099)
at org.testng.TestNG.run(TestNG.java:1067)
at org.testng.remote.AbstractRemoteTestNG.run(AbstractRemoteTestNG.java:115)
at org.testng.remote.RemoteTestNG.initAndRun(RemoteTestNG.java:251)
at org.testng.remote.RemoteTestNG.main(RemoteTestNG.java:77)
]]>
    </failure>
  </testcase> <!-- Verify_StaticData_Destination -->
  <testcase classname="Static_Data_V3.StaticData_Destination" name="Verify_StaticData_Destination" time="0.571">
    <failure type="java.lang.AssertionError" message="Validate_Destination_Value expected [[&amp;quot;-LATE&amp;quot;]] but found [[&amp;quot;-LATE&amp;quot;,&amp;quot;-LATE&amp;quot;]]">
      <![CDATA[java.lang.AssertionError: Validate_Destination_Value expected [["-LATE"]] but found [["-LATE","-LATE"]]
at org.testng.Assert.fail(Assert.java:110)
at org.testng.Assert.failNotEquals(Assert.java:1577)
at org.testng.Assert.assertEqualsImpl(Assert.java:149)
at org.testng.Assert.assertEquals(Assert.java:131)
at org.testng.Assert.assertEquals(Assert.java:655)
at Static_Data_V3.StaticData_Destination.Verify_StaticData_Destination(StaticData_Destination.java:56)
at java.base/jdk.internal.reflect.NativeMethodAccessorImpl.invoke0(Native Method)
at java.base/jdk.internal.reflect.NativeMethodAccessorImpl.invoke(NativeMethodAccessorImpl.java:77)
at java.base/jdk.internal.reflect.DelegatingMethodAccessorImpl.invoke(DelegatingMethodAccessorImpl.java:43)
at java.base/java.lang.reflect.Method.invoke(Method.java:568)
at org.testng.internal.invokers.MethodInvocationHelper.invokeMethod(MethodInvocationHelper.java:139)
at org.testng.internal.invokers.TestInvoker.invokeMethod(TestInvoker.java:677)
at org.testng.internal.invokers.TestInvoker.invokeTestMethod(TestInvoker.java:221)
at org.testng.internal.invokers.MethodRunner.runInSequence(MethodRunner.java:50)
at org.testng.internal.invokers.TestInvoker$MethodInvocationAgent.invoke(TestInvoker.java:969)
at org.testng.internal.invokers.TestInvoker.invokeTestMethods(TestInvoker.java:194)
at org.testng.internal.invokers.TestMethodWorker.invokeTestMethods(TestMethodWorker.java:148)
at org.testng.internal.invokers.TestMethodWorker.run(TestMethodWorker.java:128)
at java.base/java.util.ArrayList.forEach(ArrayList.java:1511)
at org.testng.TestRunner.privateRun(TestRunner.java:829)
at org.testng.TestRunner.run(TestRunner.java:602)
at org.testng.SuiteRunner.runTest(SuiteRunner.java:437)
at org.testng.SuiteRunner.runSequentially(SuiteRunner.java:431)
at org.testng.SuiteRunner.privateRun(SuiteRunner.java:391)
at org.testng.SuiteRunner.run(SuiteRunner.java:330)
at org.testng.SuiteRunnerWorker.runSuite(SuiteRunnerWorker.java:52)
at org.testng.SuiteRunnerWorker.run(SuiteRunnerWorker.java:95)
at org.testng.TestNG.runSuitesSequentially(TestNG.java:1256)
at org.testng.TestNG.runSuitesLocally(TestNG.java:1176)
at org.testng.TestNG.runSuites(TestNG.java:1099)
at org.testng.TestNG.run(TestNG.java:1067)
at org.testng.remote.AbstractRemoteTestNG.run(AbstractRemoteTestNG.java:115)
at org.testng.remote.RemoteTestNG.initAndRun(RemoteTestNG.java:251)
at org.testng.remote.RemoteTestNG.main(RemoteTestNG.java:77)
]]>
    </failure>
  </testcase> <!-- Verify_StaticData_Destination -->
  <testcase classname="Static_Data_V3.StaticData_Destination" name="Verify_StaticData_Destination" time="0.567">
    <failure type="java.lang.AssertionError" message="Validate_Destination_Value expected [[&amp;quot;-NFSM&amp;quot;]] but found [[&amp;quot;-NFSM&amp;quot;,&amp;quot;-NFSM&amp;quot;]]">
      <![CDATA[java.lang.AssertionError: Validate_Destination_Value expected [["-NFSM"]] but found [["-NFSM","-NFSM"]]
at org.testng.Assert.fail(Assert.java:110)
at org.testng.Assert.failNotEquals(Assert.java:1577)
at org.testng.Assert.assertEqualsImpl(Assert.java:149)
at org.testng.Assert.assertEquals(Assert.java:131)
at org.testng.Assert.assertEquals(Assert.java:655)
at Static_Data_V3.StaticData_Destination.Verify_StaticData_Destination(StaticData_Destination.java:56)
at java.base/jdk.internal.reflect.NativeMethodAccessorImpl.invoke0(Native Method)
at java.base/jdk.internal.reflect.NativeMethodAccessorImpl.invoke(NativeMethodAccessorImpl.java:77)
at java.base/jdk.internal.reflect.DelegatingMethodAccessorImpl.invoke(DelegatingMethodAccessorImpl.java:43)
at java.base/java.lang.reflect.Method.invoke(Method.java:568)
at org.testng.internal.invokers.MethodInvocationHelper.invokeMethod(MethodInvocationHelper.java:139)
at org.testng.internal.invokers.TestInvoker.invokeMethod(TestInvoker.java:677)
at org.testng.internal.invokers.TestInvoker.invokeTestMethod(TestInvoker.java:221)
at org.testng.internal.invokers.MethodRunner.runInSequence(MethodRunner.java:50)
at org.testng.internal.invokers.TestInvoker$MethodInvocationAgent.invoke(TestInvoker.java:969)
at org.testng.internal.invokers.TestInvoker.invokeTestMethods(TestInvoker.java:194)
at org.testng.internal.invokers.TestMethodWorker.invokeTestMethods(TestMethodWorker.java:148)
at org.testng.internal.invokers.TestMethodWorker.run(TestMethodWorker.java:128)
at java.base/java.util.ArrayList.forEach(ArrayList.java:1511)
at org.testng.TestRunner.privateRun(TestRunner.java:829)
at org.testng.TestRunner.run(TestRunner.java:602)
at org.testng.SuiteRunner.runTest(SuiteRunner.java:437)
at org.testng.SuiteRunner.runSequentially(SuiteRunner.java:431)
at org.testng.SuiteRunner.privateRun(SuiteRunner.java:391)
at org.testng.SuiteRunner.run(SuiteRunner.java:330)
at org.testng.SuiteRunnerWorker.runSuite(SuiteRunnerWorker.java:52)
at org.testng.SuiteRunnerWorker.run(SuiteRunnerWorker.java:95)
at org.testng.TestNG.runSuitesSequentially(TestNG.java:1256)
at org.testng.TestNG.runSuitesLocally(TestNG.java:1176)
at org.testng.TestNG.runSuites(TestNG.java:1099)
at org.testng.TestNG.run(TestNG.java:1067)
at org.testng.remote.AbstractRemoteTestNG.run(AbstractRemoteTestNG.java:115)
at org.testng.remote.RemoteTestNG.initAndRun(RemoteTestNG.java:251)
at org.testng.remote.RemoteTestNG.main(RemoteTestNG.java:77)
]]>
    </failure>
  </testcase> <!-- Verify_StaticData_Destination -->
  <testcase classname="Static_Data_V3.StaticData_Destination" name="Verify_StaticData_Destination" time="0.57">
    <failure type="java.lang.AssertionError" message="Validate_Destination_Value expected [[&amp;quot;D0&amp;quot;]] but found [[&amp;quot;D0&amp;quot;,&amp;quot;D0&amp;quot;,&amp;quot;D0&amp;quot;,&amp;quot;D0&amp;quot;,&amp;quot;D0&amp;quot;]]">
      <![CDATA[java.lang.AssertionError: Validate_Destination_Value expected [["D0"]] but found [["D0","D0","D0","D0","D0"]]
at org.testng.Assert.fail(Assert.java:110)
at org.testng.Assert.failNotEquals(Assert.java:1577)
at org.testng.Assert.assertEqualsImpl(Assert.java:149)
at org.testng.Assert.assertEquals(Assert.java:131)
at org.testng.Assert.assertEquals(Assert.java:655)
at Static_Data_V3.StaticData_Destination.Verify_StaticData_Destination(StaticData_Destination.java:56)
at java.base/jdk.internal.reflect.NativeMethodAccessorImpl.invoke0(Native Method)
at java.base/jdk.internal.reflect.NativeMethodAccessorImpl.invoke(NativeMethodAccessorImpl.java:77)
at java.base/jdk.internal.reflect.DelegatingMethodAccessorImpl.invoke(DelegatingMethodAccessorImpl.java:43)
at java.base/java.lang.reflect.Method.invoke(Method.java:568)
at org.testng.internal.invokers.MethodInvocationHelper.invokeMethod(MethodInvocationHelper.java:139)
at org.testng.internal.invokers.TestInvoker.invokeMethod(TestInvoker.java:677)
at org.testng.internal.invokers.TestInvoker.invokeTestMethod(TestInvoker.java:221)
at org.testng.internal.invokers.MethodRunner.runInSequence(MethodRunner.java:50)
at org.testng.internal.invokers.TestInvoker$MethodInvocationAgent.invoke(TestInvoker.java:969)
at org.testng.internal.invokers.TestInvoker.invokeTestMethods(TestInvoker.java:194)
at org.testng.internal.invokers.TestMethodWorker.invokeTestMethods(TestMethodWorker.java:148)
at org.testng.internal.invokers.TestMethodWorker.run(TestMethodWorker.java:128)
at java.base/java.util.ArrayList.forEach(ArrayList.java:1511)
at org.testng.TestRunner.privateRun(TestRunner.java:829)
at org.testng.TestRunner.run(TestRunner.java:602)
at org.testng.SuiteRunner.runTest(SuiteRunner.java:437)
at org.testng.SuiteRunner.runSequentially(SuiteRunner.java:431)
at org.testng.SuiteRunner.privateRun(SuiteRunner.java:391)
at org.testng.SuiteRunner.run(SuiteRunner.java:330)
at org.testng.SuiteRunnerWorker.runSuite(SuiteRunnerWorker.java:52)
at org.testng.SuiteRunnerWorker.run(SuiteRunnerWorker.java:95)
at org.testng.TestNG.runSuitesSequentially(TestNG.java:1256)
at org.testng.TestNG.runSuitesLocally(TestNG.java:1176)
at org.testng.TestNG.runSuites(TestNG.java:1099)
at org.testng.TestNG.run(TestNG.java:1067)
at org.testng.remote.AbstractRemoteTestNG.run(AbstractRemoteTestNG.java:115)
at org.testng.remote.RemoteTestNG.initAndRun(RemoteTestNG.java:251)
at org.testng.remote.RemoteTestNG.main(RemoteTestNG.java:77)
]]>
    </failure>
  </testcase> <!-- Verify_StaticData_Destination -->
  <testcase classname="Static_Data_V3.StaticData_Destination" name="Verify_StaticData_Destination" time="0.575">
    <failure type="java.lang.AssertionError" message="Validate_Destination_Value expected [[&amp;quot;-AFHB&amp;quot;]] but found [[&amp;quot;-AFHB&amp;quot;,&amp;quot;-AFHB&amp;quot;,&amp;quot;-AFHB&amp;quot;]]">
      <![CDATA[java.lang.AssertionError: Validate_Destination_Value expected [["-AFHB"]] but found [["-AFHB","-AFHB","-AFHB"]]
at org.testng.Assert.fail(Assert.java:110)
at org.testng.Assert.failNotEquals(Assert.java:1577)
at org.testng.Assert.assertEqualsImpl(Assert.java:149)
at org.testng.Assert.assertEquals(Assert.java:131)
at org.testng.Assert.assertEquals(Assert.java:655)
at Static_Data_V3.StaticData_Destination.Verify_StaticData_Destination(StaticData_Destination.java:56)
at java.base/jdk.internal.reflect.NativeMethodAccessorImpl.invoke0(Native Method)
at java.base/jdk.internal.reflect.NativeMethodAccessorImpl.invoke(NativeMethodAccessorImpl.java:77)
at java.base/jdk.internal.reflect.DelegatingMethodAccessorImpl.invoke(DelegatingMethodAccessorImpl.java:43)
at java.base/java.lang.reflect.Method.invoke(Method.java:568)
at org.testng.internal.invokers.MethodInvocationHelper.invokeMethod(MethodInvocationHelper.java:139)
at org.testng.internal.invokers.TestInvoker.invokeMethod(TestInvoker.java:677)
at org.testng.internal.invokers.TestInvoker.invokeTestMethod(TestInvoker.java:221)
at org.testng.internal.invokers.MethodRunner.runInSequence(MethodRunner.java:50)
at org.testng.internal.invokers.TestInvoker$MethodInvocationAgent.invoke(TestInvoker.java:969)
at org.testng.internal.invokers.TestInvoker.invokeTestMethods(TestInvoker.java:194)
at org.testng.internal.invokers.TestMethodWorker.invokeTestMethods(TestMethodWorker.java:148)
at org.testng.internal.invokers.TestMethodWorker.run(TestMethodWorker.java:128)
at java.base/java.util.ArrayList.forEach(ArrayList.java:1511)
at org.testng.TestRunner.privateRun(TestRunner.java:829)
at org.testng.TestRunner.run(TestRunner.java:602)
at org.testng.SuiteRunner.runTest(SuiteRunner.java:437)
at org.testng.SuiteRunner.runSequentially(SuiteRunner.java:431)
at org.testng.SuiteRunner.privateRun(SuiteRunner.java:391)
at org.testng.SuiteRunner.run(SuiteRunner.java:330)
at org.testng.SuiteRunnerWorker.runSuite(SuiteRunnerWorker.java:52)
at org.testng.SuiteRunnerWorker.run(SuiteRunnerWorker.java:95)
at org.testng.TestNG.runSuitesSequentially(TestNG.java:1256)
at org.testng.TestNG.runSuitesLocally(TestNG.java:1176)
at org.testng.TestNG.runSuites(TestNG.java:1099)
at org.testng.TestNG.run(TestNG.java:1067)
at org.testng.remote.AbstractRemoteTestNG.run(AbstractRemoteTestNG.java:115)
at org.testng.remote.RemoteTestNG.initAndRun(RemoteTestNG.java:251)
at org.testng.remote.RemoteTestNG.main(RemoteTestNG.java:77)
]]>
    </failure>
  </testcase> <!-- Verify_StaticData_Destination -->
  <testcase classname="Static_Data_V3.StaticData_Destination" name="Verify_StaticData_Destination" time="0.595">
    <failure type="java.lang.AssertionError" message="Validate_Destination_Value expected [[&amp;quot;-ATS&amp;quot;]] but found [[&amp;quot;-ATS&amp;quot;,&amp;quot;-ATS&amp;quot;]]">
      <![CDATA[java.lang.AssertionError: Validate_Destination_Value expected [["-ATS"]] but found [["-ATS","-ATS"]]
at org.testng.Assert.fail(Assert.java:110)
at org.testng.Assert.failNotEquals(Assert.java:1577)
at org.testng.Assert.assertEqualsImpl(Assert.java:149)
at org.testng.Assert.assertEquals(Assert.java:131)
at org.testng.Assert.assertEquals(Assert.java:655)
at Static_Data_V3.StaticData_Destination.Verify_StaticData_Destination(StaticData_Destination.java:56)
at java.base/jdk.internal.reflect.NativeMethodAccessorImpl.invoke0(Native Method)
at java.base/jdk.internal.reflect.NativeMethodAccessorImpl.invoke(NativeMethodAccessorImpl.java:77)
at java.base/jdk.internal.reflect.DelegatingMethodAccessorImpl.invoke(DelegatingMethodAccessorImpl.java:43)
at java.base/java.lang.reflect.Method.invoke(Method.java:568)
at org.testng.internal.invokers.MethodInvocationHelper.invokeMethod(MethodInvocationHelper.java:139)
at org.testng.internal.invokers.TestInvoker.invokeMethod(TestInvoker.java:677)
at org.testng.internal.invokers.TestInvoker.invokeTestMethod(TestInvoker.java:221)
at org.testng.internal.invokers.MethodRunner.runInSequence(MethodRunner.java:50)
at org.testng.internal.invokers.TestInvoker$MethodInvocationAgent.invoke(TestInvoker.java:969)
at org.testng.internal.invokers.TestInvoker.invokeTestMethods(TestInvoker.java:194)
at org.testng.internal.invokers.TestMethodWorker.invokeTestMethods(TestMethodWorker.java:148)
at org.testng.internal.invokers.TestMethodWorker.run(TestMethodWorker.java:128)
at java.base/java.util.ArrayList.forEach(ArrayList.java:1511)
at org.testng.TestRunner.privateRun(TestRunner.java:829)
at org.testng.TestRunner.run(TestRunner.java:602)
at org.testng.SuiteRunner.runTest(SuiteRunner.java:437)
at org.testng.SuiteRunner.runSequentially(SuiteRunner.java:431)
at org.testng.SuiteRunner.privateRun(SuiteRunner.java:391)
at org.testng.SuiteRunner.run(SuiteRunner.java:330)
at org.testng.SuiteRunnerWorker.runSuite(SuiteRunnerWorker.java:52)
at org.testng.SuiteRunnerWorker.run(SuiteRunnerWorker.java:95)
at org.testng.TestNG.runSuitesSequentially(TestNG.java:1256)
at org.testng.TestNG.runSuitesLocally(TestNG.java:1176)
at org.testng.TestNG.runSuites(TestNG.java:1099)
at org.testng.TestNG.run(TestNG.java:1067)
at org.testng.remote.AbstractRemoteTestNG.run(AbstractRemoteTestNG.java:115)
at org.testng.remote.RemoteTestNG.initAndRun(RemoteTestNG.java:251)
at org.testng.remote.RemoteTestNG.main(RemoteTestNG.java:77)
]]>
    </failure>
  </testcase> <!-- Verify_StaticData_Destination -->
  <testcase classname="Static_Data_V3.StaticData_Side" name="Verify_StaticData_Side" time="0.57"/>
  <testcase classname="Static_Data_V3.StaticData_Side" name="Verify_StaticData_Side" time="0.568"/>
  <testcase classname="Static_Data_V3.StaticData_Side" name="Verify_StaticData_Side" time="0.576"/>
  <testcase classname="Static_Data_V3.StaticData_CommType" name="Verify_StaticData_CommType" time="0.585"/>
  <testcase classname="Static_Data_V3.StaticData_CommType" name="Verify_StaticData_CommType" time="0.565"/>
  <testcase classname="Static_Data_V3.StaticData_CommType" name="Verify_StaticData_CommType" time="0.569"/>
  <testcase classname="Static_Data_V3.StaticData_BlotterPackage_Permissions" name="Verify_StaticData_BlotterPackage_Permissions" time="0.577"/>
  <testcase classname="Static_Data_V3.StaticData_BlotterPackage_Permissions" name="Verify_StaticData_BlotterPackage_Permissions" time="0.577"/>
  <testcase classname="Static_Data_V3.StaticData_BlotterPackage_Permissions" name="Verify_StaticData_BlotterPackage_Permissions" time="0.57"/>
  <testcase classname="Static_Data_V3.StaticData_BlotterPackage_Permissions" name="Verify_StaticData_BlotterPackage_Permissions" time="0.568"/>
  <testcase classname="Static_Data_V3.StaticData_BlotterPackage_Permissions" name="Verify_StaticData_BlotterPackage_Permissions" time="0.57"/>
</testsuite> <!-- Static_Data test -->
