<?xml version="1.0" encoding="UTF-8"?>
<!-- Generated by org.testng.reporters.JUnitXMLReporter -->
<testsuite ignored="0" hostname="Dev-AjmalSyed" failures="8" tests="60" name="Static_Data test" time="47.169" errors="0" timestamp="2023-12-26T17:09:54 PKT">
  <testcase classname="IdentityServer_API_User.Login" name="UserLogin" time="3.001"/>
  <testcase classname="Static_Data.StaticData_Blotter_Permissions" name="Verify_StaticData_BlotterPermissions" time="0.689"/>
  <testcase classname="Static_Data.StaticData_LocateTIF" name="Verify_StaticData_LocateTIF" time="0.636"/>
  <testcase classname="Static_Data.StaticData_LocateTIF" name="Verify_StaticData_LocateTIF" time="0.591"/>
  <testcase classname="Static_Data.StaticData_ETBHTB" name="Verify_StaticData_ETBHTB" time="0.791"/>
  <testcase classname="Static_Data.StaticData_MktTopPerfCateg" name="Verify_StaticData_MktTopPerfCateg" time="0.595"/>
  <testcase classname="Static_Data.StaticData_MktTopPerfCateg" name="Verify_StaticData_MktTopPerfCateg" time="0.586"/>
  <testcase classname="Static_Data.StaticData_MktTopPerfCateg" name="Verify_StaticData_MktTopPerfCateg" time="0.581"/>
  <testcase classname="Static_Data.StaticData_MktTopPerfCateg" name="Verify_StaticData_MktTopPerfCateg" time="0.577"/>
  <testcase classname="Static_Data.StaticData_Destination_TraderOnly" name="Verify_StaticData_Destination_TraderOnly" time="0.591"/>
  <testcase classname="Static_Data.StaticData_Destination_TraderOnly" name="Verify_StaticData_Destination_TraderOnly" time="0.588"/>
  <testcase classname="Static_Data.StaticData_Destination_TraderOnly" name="Verify_StaticData_Destination_TraderOnly" time="0.587"/>
  <testcase classname="Static_Data.StaticData_Destination_TraderOnly" name="Verify_StaticData_Destination_TraderOnly" time="0.577"/>
  <testcase classname="Static_Data.StaticData_Destination_TraderOnly" name="Verify_StaticData_Destination_TraderOnly" time="0.578"/>
  <testcase classname="Static_Data.StaticData_Destination_TraderOnly" name="Verify_StaticData_Destination_TraderOnly" time="0.591"/>
  <testcase classname="Static_Data.StaticData_Destination_TraderOnly" name="Verify_StaticData_Destination_TraderOnly" time="0.577"/>
  <testcase classname="Static_Data.StaticData_MktTopPerfExchange" name="Verify_StaticData_MktTopPerfExchange" time="0.582"/>
  <testcase classname="Static_Data.StaticData_MktTopPerfExchange" name="Verify_StaticData_MktTopPerfExchange" time="0.572"/>
  <testcase classname="Static_Data.StaticData_MktTopPerfExchange" name="Verify_StaticData_MktTopPerfExchange" time="0.577"/>
  <testcase classname="Static_Data.StaticData_MktTopPerfExchange" name="Verify_StaticData_MktTopPerfExchange" time="0.586"/>
  <testcase classname="Static_Data.StaticData_MktTopPerfExchange" name="Verify_StaticData_MktTopPerfExchange" time="0.596"/>
  <testcase classname="Static_Data.StaticData_MktTopPerfExchange" name="Verify_StaticData_MktTopPerfExchange" time="0.576"/>
  <testcase classname="Static_Data.StaticData_MktTopPerfExchange" name="Verify_StaticData_MktTopPerfExchange" time="0.582"/>
  <testcase classname="Static_Data.StaticData_Account" name="Verify_StaticData_Account" time="0.579"/>
  <testcase classname="Static_Data.StaticData_Account" name="Verify_StaticData_Account" time="0.574"/>
  <testcase classname="Static_Data.StaticData_Account" name="Verify_StaticData_Account" time="0.574"/>
  <testcase classname="Static_Data.StaticData_Account" name="Verify_StaticData_Account" time="0.579"/>
  <testcase classname="Static_Data.StaticData_Account" name="Verify_StaticData_Account" time="0.577"/>
  <testcase classname="Static_Data.StaticData_Account" name="Verify_StaticData_Account" time="0.579"/>
  <testcase classname="Static_Data.StaticData_Account" name="Verify_StaticData_Account" time="0.572"/>
  <testcase classname="Static_Data.StaticData_TIF" name="Verify_StaticData_TIF" time="0.593"/>
  <testcase classname="Static_Data.StaticData_TIF" name="Verify_StaticData_TIF" time="0.577"/>
  <testcase classname="Static_Data.StaticData_TIF" name="Verify_StaticData_TIF" time="0.575"/>
  <testcase classname="Static_Data.StaticData_TIF" name="Verify_StaticData_TIF" time="0.567"/>
  <testcase classname="Static_Data.StaticData_TIF" name="Verify_StaticData_TIF" time="0.576"/>
  <testcase classname="Static_Data.StaticData_TIF" name="Verify_StaticData_TIF" time="0.569"/>
  <testcase classname="Static_Data.StaticData_TIF" name="Verify_StaticData_TIF" time="0.57"/>
  <testcase classname="Static_Data.StaticData_OrdType" name="Verify_StaticData_OrdType" time="0.609"/>
  <testcase classname="Static_Data.StaticData_OrdType" name="Verify_StaticData_OrdType" time="0.576"/>
  <testcase classname="Static_Data.StaticData_OrdType" name="Verify_StaticData_OrdType" time="0.573"/>
  <testcase classname="Static_Data.StaticData_OrdType" name="Verify_StaticData_OrdType" time="0.58"/>
  <testcase classname="Static_Data.StaticData_Option_Destination" name="Verify_StaticData_Option_Destination" time="0.597">
    <failure type="java.lang.AssertionError" message="Validate_OptionDestination_Value expected [[&amp;quot;-OPTFIX&amp;quot;]] but found [[&amp;quot;-OPTFIX&amp;quot;,&amp;quot;-OPTFIX&amp;quot;,&amp;quot;-OPTFIX&amp;quot;,&amp;quot;-OPTFIX&amp;quot;,&amp;quot;-OPTFIX&amp;quot;]]">
      <![CDATA[java.lang.AssertionError: Validate_OptionDestination_Value expected [["-OPTFIX"]] but found [["-OPTFIX","-OPTFIX","-OPTFIX","-OPTFIX","-OPTFIX"]]
at Static_Data.StaticData_Option_Destination.Verify_StaticData_Option_Destination(StaticData_Option_Destination.java:58)
at java.base/java.util.ArrayList.forEach(ArrayList.java:1511)
... Removed 32 stack frames]]>
    </failure>
  </testcase> <!-- Verify_StaticData_Option_Destination -->
  <testcase classname="Static_Data.StaticData_Option_Destination" name="Verify_StaticData_Option_Destination" time="0.574">
    <failure type="java.lang.AssertionError" message="Validate_OptionDestination_Value expected [[&amp;quot;-OPTZAK&amp;quot;]] but found [[&amp;quot;-OPTZAK&amp;quot;,&amp;quot;-OPTZAK&amp;quot;,&amp;quot;-OPTZAK&amp;quot;,&amp;quot;-OPTZAK&amp;quot;]]">
      <![CDATA[java.lang.AssertionError: Validate_OptionDestination_Value expected [["-OPTZAK"]] but found [["-OPTZAK","-OPTZAK","-OPTZAK","-OPTZAK"]]
at Static_Data.StaticData_Option_Destination.Verify_StaticData_Option_Destination(StaticData_Option_Destination.java:58)
at java.base/java.util.ArrayList.forEach(ArrayList.java:1511)
... Removed 32 stack frames]]>
    </failure>
  </testcase> <!-- Verify_StaticData_Option_Destination -->
  <testcase classname="Static_Data.StaticData_Destination" name="Verify_StaticData_Destination" time="0.594">
    <failure type="java.lang.AssertionError" message="Validate_Destination_Value expected [[&amp;quot;-DEMO&amp;quot;]] but found [[&amp;quot;-DEMO&amp;quot;,&amp;quot;-DEMO&amp;quot;]]">
      <![CDATA[java.lang.AssertionError: Validate_Destination_Value expected [["-DEMO"]] but found [["-DEMO","-DEMO"]]
at Static_Data.StaticData_Destination.Verify_StaticData_Destination(StaticData_Destination.java:56)
at java.base/java.util.ArrayList.forEach(ArrayList.java:1511)
... Removed 32 stack frames]]>
    </failure>
  </testcase> <!-- Verify_StaticData_Destination -->
  <testcase classname="Static_Data.StaticData_Destination" name="Verify_StaticData_Destination" time="0.58">
    <failure type="java.lang.AssertionError" message="Validate_Destination_Value expected [[&amp;quot;-LATE&amp;quot;]] but found [[&amp;quot;-LATE&amp;quot;,&amp;quot;-LATE&amp;quot;]]">
      <![CDATA[java.lang.AssertionError: Validate_Destination_Value expected [["-LATE"]] but found [["-LATE","-LATE"]]
at Static_Data.StaticData_Destination.Verify_StaticData_Destination(StaticData_Destination.java:56)
at java.base/java.util.ArrayList.forEach(ArrayList.java:1511)
... Removed 32 stack frames]]>
    </failure>
  </testcase> <!-- Verify_StaticData_Destination -->
  <testcase classname="Static_Data.StaticData_Destination" name="Verify_StaticData_Destination" time="0.576">
    <failure type="java.lang.AssertionError" message="Validate_Destination_Value expected [[&amp;quot;-NFSM&amp;quot;]] but found [[&amp;quot;-NFSM&amp;quot;,&amp;quot;-NFSM&amp;quot;]]">
      <![CDATA[java.lang.AssertionError: Validate_Destination_Value expected [["-NFSM"]] but found [["-NFSM","-NFSM"]]
at Static_Data.StaticData_Destination.Verify_StaticData_Destination(StaticData_Destination.java:56)
at java.base/java.util.ArrayList.forEach(ArrayList.java:1511)
... Removed 32 stack frames]]>
    </failure>
  </testcase> <!-- Verify_StaticData_Destination -->
  <testcase classname="Static_Data.StaticData_Destination" name="Verify_StaticData_Destination" time="0.57">
    <failure type="java.lang.AssertionError" message="Validate_Destination_Value expected [[&amp;quot;D0&amp;quot;]] but found [[&amp;quot;D0&amp;quot;,&amp;quot;D0&amp;quot;,&amp;quot;D0&amp;quot;,&amp;quot;D0&amp;quot;,&amp;quot;D0&amp;quot;]]">
      <![CDATA[java.lang.AssertionError: Validate_Destination_Value expected [["D0"]] but found [["D0","D0","D0","D0","D0"]]
at Static_Data.StaticData_Destination.Verify_StaticData_Destination(StaticData_Destination.java:56)
at java.base/java.util.ArrayList.forEach(ArrayList.java:1511)
... Removed 32 stack frames]]>
    </failure>
  </testcase> <!-- Verify_StaticData_Destination -->
  <testcase classname="Static_Data.StaticData_Destination" name="Verify_StaticData_Destination" time="0.807">
    <failure type="java.lang.AssertionError" message="Validate_Destination_Value expected [[&amp;quot;-AFHB&amp;quot;]] but found [[&amp;quot;-AFHB&amp;quot;,&amp;quot;-AFHB&amp;quot;,&amp;quot;-AFHB&amp;quot;]]">
      <![CDATA[java.lang.AssertionError: Validate_Destination_Value expected [["-AFHB"]] but found [["-AFHB","-AFHB","-AFHB"]]
at Static_Data.StaticData_Destination.Verify_StaticData_Destination(StaticData_Destination.java:56)
at java.base/java.util.ArrayList.forEach(ArrayList.java:1511)
... Removed 32 stack frames]]>
    </failure>
  </testcase> <!-- Verify_StaticData_Destination -->
  <testcase classname="Static_Data.StaticData_Destination" name="Verify_StaticData_Destination" time="0.57">
    <failure type="java.lang.AssertionError" message="Validate_Destination_Value expected [[&amp;quot;-ATS&amp;quot;]] but found [[&amp;quot;-ATS&amp;quot;,&amp;quot;-ATS&amp;quot;]]">
      <![CDATA[java.lang.AssertionError: Validate_Destination_Value expected [["-ATS"]] but found [["-ATS","-ATS"]]
at Static_Data.StaticData_Destination.Verify_StaticData_Destination(StaticData_Destination.java:56)
at java.base/java.util.ArrayList.forEach(ArrayList.java:1511)
... Removed 32 stack frames]]>
    </failure>
  </testcase> <!-- Verify_StaticData_Destination -->
  <testcase classname="Static_Data.StaticData_Side" name="Verify_StaticData_Side" time="0.586"/>
  <testcase classname="Static_Data.StaticData_Side" name="Verify_StaticData_Side" time="0.583"/>
  <testcase classname="Static_Data.StaticData_Side" name="Verify_StaticData_Side" time="0.57"/>
  <testcase classname="Static_Data.StaticData_CommType" name="Verify_StaticData_CommType" time="0.587"/>
  <testcase classname="Static_Data.StaticData_CommType" name="Verify_StaticData_CommType" time="0.578"/>
  <testcase classname="Static_Data.StaticData_CommType" name="Verify_StaticData_CommType" time="0.57"/>
  <testcase classname="Static_Data.StaticData_BlotterPackage_Permissions" name="Verify_StaticData_BlotterPackage_Permissions" time="0.582"/>
  <testcase classname="Static_Data.StaticData_BlotterPackage_Permissions" name="Verify_StaticData_BlotterPackage_Permissions" time="0.598"/>
  <testcase classname="Static_Data.StaticData_BlotterPackage_Permissions" name="Verify_StaticData_BlotterPackage_Permissions" time="0.58"/>
  <testcase classname="Static_Data.StaticData_BlotterPackage_Permissions" name="Verify_StaticData_BlotterPackage_Permissions" time="0.578"/>
  <testcase classname="Static_Data.StaticData_BlotterPackage_Permissions" name="Verify_StaticData_BlotterPackage_Permissions" time="0.572"/>
</testsuite> <!-- Static_Data test -->
